

Started GET "/" for 127.0.0.1 at 2011-04-07 16:59:57 -0400

Mysql2::Error (Can't connect to local MySQL server through socket '/var/lib/mysql/mysql.sock' (2)):
  

Rendered /usr/sup/ruby-1.9.2-p0/lib/ruby/gems/1.9.1/gems/actionpack-3.0.5/lib/action_dispatch/middleware/templates/rescues/_trace.erb (1.1ms)
Rendered /usr/sup/ruby-1.9.2-p0/lib/ruby/gems/1.9.1/gems/actionpack-3.0.5/lib/action_dispatch/middleware/templates/rescues/_request_and_response.erb (13.4ms)
Rendered /usr/sup/ruby-1.9.2-p0/lib/ruby/gems/1.9.1/gems/actionpack-3.0.5/lib/action_dispatch/middleware/templates/rescues/diagnostics.erb within rescues/layout (113.6ms)


Started GET "/posts/" for 127.0.0.1 at 2011-04-07 16:59:59 -0400

Mysql2::Error (Can't connect to local MySQL server through socket '/var/lib/mysql/mysql.sock' (2)):
  

Rendered /usr/sup/ruby-1.9.2-p0/lib/ruby/gems/1.9.1/gems/actionpack-3.0.5/lib/action_dispatch/middleware/templates/rescues/_trace.erb (1.0ms)
Rendered /usr/sup/ruby-1.9.2-p0/lib/ruby/gems/1.9.1/gems/actionpack-3.0.5/lib/action_dispatch/middleware/templates/rescues/_request_and_response.erb (1.0ms)
Rendered /usr/sup/ruby-1.9.2-p0/lib/ruby/gems/1.9.1/gems/actionpack-3.0.5/lib/action_dispatch/middleware/templates/rescues/diagnostics.erb within rescues/layout (11.6ms)


Started GET "/" for 127.0.0.1 at 2011-04-07 17:00:02 -0400

Mysql2::Error (Can't connect to local MySQL server through socket '/var/lib/mysql/mysql.sock' (2)):
  

Rendered /usr/sup/ruby-1.9.2-p0/lib/ruby/gems/1.9.1/gems/actionpack-3.0.5/lib/action_dispatch/middleware/templates/rescues/_trace.erb (1.2ms)
Rendered /usr/sup/ruby-1.9.2-p0/lib/ruby/gems/1.9.1/gems/actionpack-3.0.5/lib/action_dispatch/middleware/templates/rescues/_request_and_response.erb (1.3ms)
Rendered /usr/sup/ruby-1.9.2-p0/lib/ruby/gems/1.9.1/gems/actionpack-3.0.5/lib/action_dispatch/middleware/templates/rescues/diagnostics.erb within rescues/layout (12.5ms)


Started GET "/" for 127.0.0.1 at 2011-04-07 17:00:57 -0400

Mysql2::Error (Can't connect to local MySQL server through socket '/var/lib/mysql/mysql.sock' (2)):
  

Rendered /usr/sup/ruby-1.9.2-p0/lib/ruby/gems/1.9.1/gems/actionpack-3.0.5/lib/action_dispatch/middleware/templates/rescues/_trace.erb (1.0ms)
Rendered /usr/sup/ruby-1.9.2-p0/lib/ruby/gems/1.9.1/gems/actionpack-3.0.5/lib/action_dispatch/middleware/templates/rescues/_request_and_response.erb (1.0ms)
Rendered /usr/sup/ruby-1.9.2-p0/lib/ruby/gems/1.9.1/gems/actionpack-3.0.5/lib/action_dispatch/middleware/templates/rescues/diagnostics.erb within rescues/layout (20.9ms)


Started GET "/" for 127.0.0.1 at 2011-04-07 17:01:35 -0400

Mysql2::Error (Can't connect to local MySQL server through socket '/var/lib/mysql/mysql.sock' (2)):
  

Rendered /usr/sup/ruby-1.9.2-p0/lib/ruby/gems/1.9.1/gems/actionpack-3.0.5/lib/action_dispatch/middleware/templates/rescues/_trace.erb (0.9ms)
Rendered /usr/sup/ruby-1.9.2-p0/lib/ruby/gems/1.9.1/gems/actionpack-3.0.5/lib/action_dispatch/middleware/templates/rescues/_request_and_response.erb (8.4ms)
Rendered /usr/sup/ruby-1.9.2-p0/lib/ruby/gems/1.9.1/gems/actionpack-3.0.5/lib/action_dispatch/middleware/templates/rescues/diagnostics.erb within rescues/layout (21.9ms)


Started GET "/" for 127.0.0.1 at 2011-04-07 17:01:43 -0400

Mysql2::Error (Can't connect to local MySQL server through socket '/var/lib/mysql/mysql.sock' (2)):
  

Rendered /usr/sup/ruby-1.9.2-p0/lib/ruby/gems/1.9.1/gems/actionpack-3.0.5/lib/action_dispatch/middleware/templates/rescues/_trace.erb (1.2ms)
Rendered /usr/sup/ruby-1.9.2-p0/lib/ruby/gems/1.9.1/gems/actionpack-3.0.5/lib/action_dispatch/middleware/templates/rescues/_request_and_response.erb (1.1ms)
Rendered /usr/sup/ruby-1.9.2-p0/lib/ruby/gems/1.9.1/gems/actionpack-3.0.5/lib/action_dispatch/middleware/templates/rescues/diagnostics.erb within rescues/layout (11.5ms)


Started GET "/" for 127.0.0.1 at 2011-04-07 17:02:01 -0400

Mysql2::Error (Can't connect to local MySQL server through socket '/var/lib/mysql/mysql.sock' (2)):
  

Rendered /usr/sup/ruby-1.9.2-p0/lib/ruby/gems/1.9.1/gems/actionpack-3.0.5/lib/action_dispatch/middleware/templates/rescues/_trace.erb (1.0ms)
Rendered /usr/sup/ruby-1.9.2-p0/lib/ruby/gems/1.9.1/gems/actionpack-3.0.5/lib/action_dispatch/middleware/templates/rescues/_request_and_response.erb (1.0ms)
Rendered /usr/sup/ruby-1.9.2-p0/lib/ruby/gems/1.9.1/gems/actionpack-3.0.5/lib/action_dispatch/middleware/templates/rescues/diagnostics.erb within rescues/layout (42.2ms)


Started GET "/" for 127.0.0.1 at 2011-04-07 17:02:16 -0400
  Processing by TourController#index as HTML
Rendered tour/index.html.erb within layouts/application (42.1ms)
Completed 200 OK in 275ms (Views: 274.8ms | ActiveRecord: 0.0ms)


Started GET "/rails/info/properties" for 127.0.0.1 at 2011-04-07 17:03:08 -0400
  Processing by Rails::InfoController#properties as HTML
  [1m[36mSQL (1.2ms)[0m  [1mSHOW TABLES[0m
  [1m[35mSQL (1.2ms)[0m  SHOW TABLES
  [1m[36mSQL (1.0ms)[0m  [1mSELECT `schema_migrations`.`version` FROM `schema_migrations`[0m
Rendered inline template (0.3ms)
Completed 200 OK in 120ms (Views: 1.0ms | ActiveRecord: 3.4ms)


Started GET "/rails/info/properties" for 127.0.0.1 at 2011-04-07 17:03:14 -0400
  Processing by Rails::InfoController#properties as HTML
Rendered inline template (0.3ms)
Completed 200 OK in 1ms (Views: 0.6ms | ActiveRecord: 0.0ms)


Started GET "/rails/info/properties" for 127.0.0.1 at 2011-04-07 17:03:16 -0400
  Processing by Rails::InfoController#properties as HTML
Rendered inline template (0.3ms)
Completed 200 OK in 1ms (Views: 0.6ms | ActiveRecord: 0.0ms)


Started GET "/" for 127.0.0.1 at 2011-04-07 17:08:41 -0400
  Processing by TourController#index as HTML
ERROR: compiling _app_views_tour_index_html_erb___1296380098417022255_52598820__2124757809140079931 RAISED /h/rsheld02/comp120/FinalProject/app/views/tour/index.html.erb:222: syntax error, unexpected '\n', expecting tCOLON2 or '[' or '.'
Function body:           def _app_views_tour_index_html_erb___1296380098417022255_52598820__2124757809140079931(local_assigns)
            _old_virtual_path, @_virtual_path = @_virtual_path, "tour/index";_old_output_buffer = @output_buffer;;@output_buffer = ActionView::OutputBuffer.new;@output_buffer.safe_concat('<!DOCTYPE html>
<html>
  <head>
    <title>Art Tour!</title>
    <style type="text/css" media="screen">
      body {
        margin: 0;
        margin-bottom: 25px;
        padding: 0;
        background-color: #f0f0f0;
        font-family: "Lucida Grande", "Bitstream Vera Sans", "Verdana";
        font-size: 13px;
        color: #333;
      }

      h1 {
        font-size: 28px;
        color: #000;
      }

      a  {color: #03c}
      a:hover {
        background-color: #03c;
        color: white;
        text-decoration: none;
      }


      #page {
        background-color: #f0f0f0;
        width: 750px;
        margin: 0;
        margin-left: auto;
        margin-right: auto;
      }

      #content {
        float: left;
        background-color: white;
        border: 3px solid #aaa;
        border-top: none;
        padding: 25px;
        width: 500px;
      }

      #sidebar {
        float: right;
        width: 175px;
      }

      #footer {
        clear: both;
      }


      #header, #about, #getting-started {
        padding-left: 75px;
        padding-right: 30px;
      }


      #header {
        background-image: url("images/rails.png");
        background-repeat: no-repeat;
        background-position: top left;
        height: 64px;
      }
      #header h1, #header h2 {margin: 0}
      #header h2 {
        color: #888;
        font-weight: normal;
        font-size: 16px;
      }


      #about h3 {
        margin: 0;
        margin-bottom: 10px;
        font-size: 14px;
      }

      #about-content {
        background-color: #ffd;
        border: 1px solid #fc0;
        margin-left: -55px;
        margin-right: -10px;
      }
      #about-content table {
        margin-top: 10px;
        margin-bottom: 10px;
        font-size: 11px;
        border-collapse: collapse;
      }
      #about-content td {
        padding: 10px;
        padding-top: 3px;
        padding-bottom: 3px;
      }
      #about-content td.name  {color: #555}
      #about-content td.value {color: #000}

      #about-content ul {
        padding: 0;
        list-style-type: none;
      }

      #about-content.failure {
        background-color: #fcc;
        border: 1px solid #f00;
      }
      #about-content.failure p {
        margin: 0;
        padding: 10px;
      }


      #getting-started {
        border-top: 1px solid #ccc;
        margin-top: 25px;
        padding-top: 15px;
      }
      #getting-started h1 {
        margin: 0;
        font-size: 20px;
      }
      #getting-started h2 {
        margin: 0;
        font-size: 14px;
        font-weight: normal;
        color: #333;
        margin-bottom: 25px;
      }
      #getting-started ol {
        margin-left: 0;
        padding-left: 0;
      }
      #getting-started li {
        font-size: 18px;
        color: #888;
        margin-bottom: 25px;
      }
      #getting-started li h2 {
        margin: 0;
        font-weight: normal;
        font-size: 18px;
        color: #333;
      }
      #getting-started li p {
        color: #555;
        font-size: 13px;
      }


      #sidebar ul {
        margin-left: 0;
        padding-left: 0;
      }
      #sidebar ul h3 {
        margin-top: 25px;
        font-size: 16px;
        padding-bottom: 10px;
        border-bottom: 1px solid #ccc;
      }
      #sidebar li {
        list-style-type: none;
      }
      #sidebar ul.links li {
        margin-bottom: 5px;
      }

    </style>
    <script type="text/javascript">
      function about() {
        info = document.getElementById(\'about-content\');
        if (window.XMLHttpRequest)
          { xhr = new XMLHttpRequest(); }
        else
          { xhr = new ActiveXObject("Microsoft.XMLHTTP"); }
        xhr.open("GET","rails/info/properties",false);
        xhr.send("");
        info.innerHTML = xhr.responseText;
        info.style.display = \'block\'
      }
    </script>
  </head>
  <body>
    <div id="page">
      <div id="sidebar">
        <ul id="sidebar-items">
          <li>
            <h3>Browse the documentation</h3>
            <ul class="links">
              <li><a href="http://api.rubyonrails.org/">Art Gallery home</a></li>
              <li><a href="http://stdlib.rubyonrails.org/">Gallery</a></li>
              <li><a href="http://corelib.rubyonrails.org/">About Us</a></li>
              
            </ul>
          </li>
        </ul>
      </div>

      <div id="content">
        <div id="header">
          <h1>Take A tour</h1>
          <h2>Many different theme tours to choose from!</h2>
        </div>

        <div id="about">
          <h3><a href="rails/info/properties" onclick="about(); return false">About your application&rsquo;s environment</a></h3>
          <div id="about-content" style="display: none"></div>
        </div>

        <div id="getting-started">
          <h1>Most Popular Tours:</h1>
          <h2>sorted by views:</h2>

          <ol>
');@output_buffer.append_if_string= 						 for @tours.each do |tour| 
@output_buffer.safe_concat('            <li>
              <p>I like tours!</p>
            </li>
');						 end 
@output_buffer.safe_concat('            <li>
              <h2>Set up a default route and remove or rename this file</h2>
              <p>Routes are set up in config/routes.rb.</p>
            </li>

            <li>
              <h2>Create your database</h2>
              <p>Run <code>rake db:migrate</code> to create your database. If you\'re not using SQLite (the default), edit <code>config/database.yml</code> with your username and password.</p>
            </li>
          </ol>
        </div>
      </div>

      <div id="footer">&nbsp;</div>
    </div>
  </body>
</html>
');@output_buffer.to_s
          ensure
            @_virtual_path, @output_buffer = _old_virtual_path, _old_output_buffer
          end
Backtrace: /usr/sup/ruby-1.9.2-p0/lib/ruby/gems/1.9.1/gems/actionpack-3.0.5/lib/action_view/template.rb:255:in `module_eval'
/usr/sup/ruby-1.9.2-p0/lib/ruby/gems/1.9.1/gems/actionpack-3.0.5/lib/action_view/template.rb:255:in `compile'
/usr/sup/ruby-1.9.2-p0/lib/ruby/gems/1.9.1/gems/actionpack-3.0.5/lib/action_view/template.rb:134:in `block in render'
/usr/sup/ruby-1.9.2-p0/lib/ruby/gems/1.9.1/gems/activesupport-3.0.5/lib/active_support/notifications.rb:54:in `instrument'
/usr/sup/ruby-1.9.2-p0/lib/ruby/gems/1.9.1/gems/actionpack-3.0.5/lib/action_view/template.rb:127:in `render'
/usr/sup/ruby-1.9.2-p0/lib/ruby/gems/1.9.1/gems/actionpack-3.0.5/lib/action_view/render/rendering.rb:59:in `block in _render_template'
/usr/sup/ruby-1.9.2-p0/lib/ruby/gems/1.9.1/gems/activesupport-3.0.5/lib/active_support/notifications.rb:52:in `block in instrument'
/usr/sup/ruby-1.9.2-p0/lib/ruby/gems/1.9.1/gems/activesupport-3.0.5/lib/active_support/notifications/instrumenter.rb:21:in `instrument'
/usr/sup/ruby-1.9.2-p0/lib/ruby/gems/1.9.1/gems/activesupport-3.0.5/lib/active_support/notifications.rb:52:in `instrument'
/usr/sup/ruby-1.9.2-p0/lib/ruby/gems/1.9.1/gems/actionpack-3.0.5/lib/action_view/render/rendering.rb:56:in `_render_template'
/usr/sup/ruby-1.9.2-p0/lib/ruby/gems/1.9.1/gems/actionpack-3.0.5/lib/action_view/render/rendering.rb:26:in `render'
/usr/sup/ruby-1.9.2-p0/lib/ruby/gems/1.9.1/gems/actionpack-3.0.5/lib/abstract_controller/rendering.rb:115:in `_render_template'
/usr/sup/ruby-1.9.2-p0/lib/ruby/gems/1.9.1/gems/actionpack-3.0.5/lib/abstract_controller/rendering.rb:109:in `render_to_body'
/usr/sup/ruby-1.9.2-p0/lib/ruby/gems/1.9.1/gems/actionpack-3.0.5/lib/action_controller/metal/renderers.rb:47:in `render_to_body'
/usr/sup/ruby-1.9.2-p0/lib/ruby/gems/1.9.1/gems/actionpack-3.0.5/lib/action_controller/metal/compatibility.rb:55:in `render_to_body'
/usr/sup/ruby-1.9.2-p0/lib/ruby/gems/1.9.1/gems/actionpack-3.0.5/lib/abstract_controller/rendering.rb:102:in `render_to_string'
/usr/sup/ruby-1.9.2-p0/lib/ruby/gems/1.9.1/gems/actionpack-3.0.5/lib/abstract_controller/rendering.rb:93:in `render'
/usr/sup/ruby-1.9.2-p0/lib/ruby/gems/1.9.1/gems/actionpack-3.0.5/lib/action_controller/metal/rendering.rb:17:in `render'
/usr/sup/ruby-1.9.2-p0/lib/ruby/gems/1.9.1/gems/actionpack-3.0.5/lib/action_controller/metal/instrumentation.rb:40:in `block (2 levels) in render'
/usr/sup/ruby-1.9.2-p0/lib/ruby/gems/1.9.1/gems/activesupport-3.0.5/lib/active_support/core_ext/benchmark.rb:5:in `block in ms'
/usr/sup/ruby-1.9.2-p0/lib/ruby/1.9.1/benchmark.rb:309:in `realtime'
/usr/sup/ruby-1.9.2-p0/lib/ruby/gems/1.9.1/gems/activesupport-3.0.5/lib/active_support/core_ext/benchmark.rb:5:in `ms'
/usr/sup/ruby-1.9.2-p0/lib/ruby/gems/1.9.1/gems/actionpack-3.0.5/lib/action_controller/metal/instrumentation.rb:40:in `block in render'
/usr/sup/ruby-1.9.2-p0/lib/ruby/gems/1.9.1/gems/actionpack-3.0.5/lib/action_controller/metal/instrumentation.rb:78:in `cleanup_view_runtime'
/usr/sup/ruby-1.9.2-p0/lib/ruby/gems/1.9.1/gems/activerecord-3.0.5/lib/active_record/railties/controller_runtime.rb:15:in `cleanup_view_runtime'
/usr/sup/ruby-1.9.2-p0/lib/ruby/gems/1.9.1/gems/actionpack-3.0.5/lib/action_controller/metal/instrumentation.rb:39:in `render'
/usr/sup/ruby-1.9.2-p0/lib/ruby/gems/1.9.1/gems/actionpack-3.0.5/lib/action_controller/metal/implicit_render.rb:10:in `default_render'
/usr/sup/ruby-1.9.2-p0/lib/ruby/gems/1.9.1/gems/actionpack-3.0.5/lib/action_controller/metal/implicit_render.rb:5:in `send_action'
/usr/sup/ruby-1.9.2-p0/lib/ruby/gems/1.9.1/gems/actionpack-3.0.5/lib/abstract_controller/base.rb:150:in `process_action'
/usr/sup/ruby-1.9.2-p0/lib/ruby/gems/1.9.1/gems/actionpack-3.0.5/lib/action_controller/metal/rendering.rb:11:in `process_action'
/usr/sup/ruby-1.9.2-p0/lib/ruby/gems/1.9.1/gems/actionpack-3.0.5/lib/abstract_controller/callbacks.rb:18:in `block in process_action'
/usr/sup/ruby-1.9.2-p0/lib/ruby/gems/1.9.1/gems/activesupport-3.0.5/lib/active_support/callbacks.rb:435:in `_run__2187814936252994864__process_action__3378461461617958004__callbacks'
/usr/sup/ruby-1.9.2-p0/lib/ruby/gems/1.9.1/gems/activesupport-3.0.5/lib/active_support/callbacks.rb:409:in `_run_process_action_callbacks'
/usr/sup/ruby-1.9.2-p0/lib/ruby/gems/1.9.1/gems/activesupport-3.0.5/lib/active_support/callbacks.rb:93:in `run_callbacks'
/usr/sup/ruby-1.9.2-p0/lib/ruby/gems/1.9.1/gems/actionpack-3.0.5/lib/abstract_controller/callbacks.rb:17:in `process_action'
/usr/sup/ruby-1.9.2-p0/lib/ruby/gems/1.9.1/gems/actionpack-3.0.5/lib/action_controller/metal/instrumentation.rb:30:in `block in process_action'
/usr/sup/ruby-1.9.2-p0/lib/ruby/gems/1.9.1/gems/activesupport-3.0.5/lib/active_support/notifications.rb:52:in `block in instrument'
/usr/sup/ruby-1.9.2-p0/lib/ruby/gems/1.9.1/gems/activesupport-3.0.5/lib/active_support/notifications/instrumenter.rb:21:in `instrument'
/usr/sup/ruby-1.9.2-p0/lib/ruby/gems/1.9.1/gems/activesupport-3.0.5/lib/active_support/notifications.rb:52:in `instrument'
/usr/sup/ruby-1.9.2-p0/lib/ruby/gems/1.9.1/gems/actionpack-3.0.5/lib/action_controller/metal/instrumentation.rb:29:in `process_action'
/usr/sup/ruby-1.9.2-p0/lib/ruby/gems/1.9.1/gems/actionpack-3.0.5/lib/action_controller/metal/rescue.rb:17:in `process_action'
/usr/sup/ruby-1.9.2-p0/lib/ruby/gems/1.9.1/gems/actionpack-3.0.5/lib/abstract_controller/base.rb:119:in `process'
/usr/sup/ruby-1.9.2-p0/lib/ruby/gems/1.9.1/gems/actionpack-3.0.5/lib/abstract_controller/rendering.rb:41:in `process'
/usr/sup/ruby-1.9.2-p0/lib/ruby/gems/1.9.1/gems/actionpack-3.0.5/lib/action_controller/metal.rb:138:in `dispatch'
/usr/sup/ruby-1.9.2-p0/lib/ruby/gems/1.9.1/gems/actionpack-3.0.5/lib/action_controller/metal/rack_delegation.rb:14:in `dispatch'
/usr/sup/ruby-1.9.2-p0/lib/ruby/gems/1.9.1/gems/actionpack-3.0.5/lib/action_controller/metal.rb:178:in `block in action'
/usr/sup/ruby-1.9.2-p0/lib/ruby/gems/1.9.1/gems/actionpack-3.0.5/lib/action_dispatch/routing/route_set.rb:62:in `call'
/usr/sup/ruby-1.9.2-p0/lib/ruby/gems/1.9.1/gems/actionpack-3.0.5/lib/action_dispatch/routing/route_set.rb:62:in `dispatch'
/usr/sup/ruby-1.9.2-p0/lib/ruby/gems/1.9.1/gems/actionpack-3.0.5/lib/action_dispatch/routing/route_set.rb:27:in `call'
/usr/sup/ruby-1.9.2-p0/lib/ruby/gems/1.9.1/gems/rack-mount-0.6.13/lib/rack/mount/route_set.rb:148:in `block in call'
/usr/sup/ruby-1.9.2-p0/lib/ruby/gems/1.9.1/gems/rack-mount-0.6.13/lib/rack/mount/code_generation.rb:93:in `block in recognize'
/usr/sup/ruby-1.9.2-p0/lib/ruby/gems/1.9.1/gems/rack-mount-0.6.13/lib/rack/mount/code_generation.rb:68:in `optimized_each'
/usr/sup/ruby-1.9.2-p0/lib/ruby/gems/1.9.1/gems/rack-mount-0.6.13/lib/rack/mount/code_generation.rb:92:in `recognize'
/usr/sup/ruby-1.9.2-p0/lib/ruby/gems/1.9.1/gems/rack-mount-0.6.13/lib/rack/mount/route_set.rb:139:in `call'
/usr/sup/ruby-1.9.2-p0/lib/ruby/gems/1.9.1/gems/actionpack-3.0.5/lib/action_dispatch/routing/route_set.rb:492:in `call'
/usr/sup/ruby-1.9.2-p0/lib/ruby/gems/1.9.1/gems/actionpack-3.0.5/lib/action_dispatch/middleware/best_standards_support.rb:17:in `call'
/usr/sup/ruby-1.9.2-p0/lib/ruby/gems/1.9.1/gems/actionpack-3.0.5/lib/action_dispatch/middleware/head.rb:14:in `call'
/usr/sup/ruby-1.9.2-p0/lib/ruby/gems/1.9.1/gems/rack-1.2.1/lib/rack/methodoverride.rb:24:in `call'
/usr/sup/ruby-1.9.2-p0/lib/ruby/gems/1.9.1/gems/actionpack-3.0.5/lib/action_dispatch/middleware/params_parser.rb:21:in `call'
/usr/sup/ruby-1.9.2-p0/lib/ruby/gems/1.9.1/gems/actionpack-3.0.5/lib/action_dispatch/middleware/flash.rb:182:in `call'
/usr/sup/ruby-1.9.2-p0/lib/ruby/gems/1.9.1/gems/actionpack-3.0.5/lib/action_dispatch/middleware/session/abstract_store.rb:149:in `call'
/usr/sup/ruby-1.9.2-p0/lib/ruby/gems/1.9.1/gems/actionpack-3.0.5/lib/action_dispatch/middleware/cookies.rb:302:in `call'
/usr/sup/ruby-1.9.2-p0/lib/ruby/gems/1.9.1/gems/activerecord-3.0.5/lib/active_record/query_cache.rb:32:in `block in call'
/usr/sup/ruby-1.9.2-p0/lib/ruby/gems/1.9.1/gems/activerecord-3.0.5/lib/active_record/connection_adapters/abstract/query_cache.rb:28:in `cache'
/usr/sup/ruby-1.9.2-p0/lib/ruby/gems/1.9.1/gems/activerecord-3.0.5/lib/active_record/query_cache.rb:12:in `cache'
/usr/sup/ruby-1.9.2-p0/lib/ruby/gems/1.9.1/gems/activerecord-3.0.5/lib/active_record/query_cache.rb:31:in `call'
/usr/sup/ruby-1.9.2-p0/lib/ruby/gems/1.9.1/gems/activerecord-3.0.5/lib/active_record/connection_adapters/abstract/connection_pool.rb:354:in `call'
/usr/sup/ruby-1.9.2-p0/lib/ruby/gems/1.9.1/gems/actionpack-3.0.5/lib/action_dispatch/middleware/callbacks.rb:46:in `block in call'
/usr/sup/ruby-1.9.2-p0/lib/ruby/gems/1.9.1/gems/activesupport-3.0.5/lib/active_support/callbacks.rb:415:in `_run_call_callbacks'
/usr/sup/ruby-1.9.2-p0/lib/ruby/gems/1.9.1/gems/actionpack-3.0.5/lib/action_dispatch/middleware/callbacks.rb:44:in `call'
/usr/sup/ruby-1.9.2-p0/lib/ruby/gems/1.9.1/gems/rack-1.2.1/lib/rack/sendfile.rb:107:in `call'
/usr/sup/ruby-1.9.2-p0/lib/ruby/gems/1.9.1/gems/actionpack-3.0.5/lib/action_dispatch/middleware/remote_ip.rb:48:in `call'
/usr/sup/ruby-1.9.2-p0/lib/ruby/gems/1.9.1/gems/actionpack-3.0.5/lib/action_dispatch/middleware/show_exceptions.rb:47:in `call'
/usr/sup/ruby-1.9.2-p0/lib/ruby/gems/1.9.1/gems/railties-3.0.5/lib/rails/rack/logger.rb:13:in `call'
/usr/sup/ruby-1.9.2-p0/lib/ruby/gems/1.9.1/gems/rack-1.2.1/lib/rack/runtime.rb:17:in `call'
/usr/sup/ruby-1.9.2-p0/lib/ruby/gems/1.9.1/gems/activesupport-3.0.5/lib/active_support/cache/strategy/local_cache.rb:72:in `call'
/usr/sup/ruby-1.9.2-p0/lib/ruby/gems/1.9.1/gems/rack-1.2.1/lib/rack/lock.rb:11:in `block in call'
<internal:prelude>:10:in `synchronize'
/usr/sup/ruby-1.9.2-p0/lib/ruby/gems/1.9.1/gems/rack-1.2.1/lib/rack/lock.rb:11:in `call'
/usr/sup/ruby-1.9.2-p0/lib/ruby/gems/1.9.1/gems/actionpack-3.0.5/lib/action_dispatch/middleware/static.rb:30:in `call'
/usr/sup/ruby-1.9.2-p0/lib/ruby/gems/1.9.1/gems/railties-3.0.5/lib/rails/application.rb:168:in `call'
/usr/sup/ruby-1.9.2-p0/lib/ruby/gems/1.9.1/gems/railties-3.0.5/lib/rails/application.rb:77:in `method_missing'
/usr/sup/ruby-1.9.2-p0/lib/ruby/gems/1.9.1/gems/railties-3.0.5/lib/rails/rack/log_tailer.rb:14:in `call'
/usr/sup/ruby-1.9.2-p0/lib/ruby/gems/1.9.1/gems/rack-1.2.1/lib/rack/content_length.rb:13:in `call'
/usr/sup/ruby-1.9.2-p0/lib/ruby/gems/1.9.1/gems/rack-1.2.1/lib/rack/handler/webrick.rb:52:in `service'
/usr/sup/ruby-1.9.2-p0/lib/ruby/1.9.1/webrick/httpserver.rb:111:in `service'
/usr/sup/ruby-1.9.2-p0/lib/ruby/1.9.1/webrick/httpserver.rb:70:in `run'
/usr/sup/ruby-1.9.2-p0/lib/ruby/1.9.1/webrick/server.rb:183:in `block in start_thread'
Rendered tour/index.html.erb within layouts/application (140.3ms)
Completed   in 192ms

ActionView::Template::Error (/h/rsheld02/comp120/FinalProject/app/views/tour/index.html.erb:222: syntax error, unexpected '\n', expecting tCOLON2 or '[' or '.'):
    219:             <li>
    220:               <p>I like tours!</p>
    221:             </li>
    222: 						<% end %>
    223:             <li>
    224:               <h2>Set up a default route and remove or rename this file</h2>
    225:               <p>Routes are set up in config/routes.rb.</p>
  

Rendered /usr/sup/ruby-1.9.2-p0/lib/ruby/gems/1.9.1/gems/actionpack-3.0.5/lib/action_dispatch/middleware/templates/rescues/_trace.erb (1.0ms)
Rendered /usr/sup/ruby-1.9.2-p0/lib/ruby/gems/1.9.1/gems/actionpack-3.0.5/lib/action_dispatch/middleware/templates/rescues/_request_and_response.erb (2.4ms)
Rendered /usr/sup/ruby-1.9.2-p0/lib/ruby/gems/1.9.1/gems/actionpack-3.0.5/lib/action_dispatch/middleware/templates/rescues/template_error.erb within rescues/layout (18.7ms)


Started GET "/" for 127.0.0.1 at 2011-04-07 17:09:05 -0400
  Processing by TourController#index as HTML
ERROR: compiling _app_views_tour_index_html_erb___1296380098417022255_60211740__2124757809140079931 RAISED /h/rsheld02/comp120/FinalProject/app/views/tour/index.html.erb:222: syntax error, unexpected '\n', expecting tCOLON2 or '[' or '.'
Function body:           def _app_views_tour_index_html_erb___1296380098417022255_60211740__2124757809140079931(local_assigns)
            _old_virtual_path, @_virtual_path = @_virtual_path, "tour/index";_old_output_buffer = @output_buffer;;@output_buffer = ActionView::OutputBuffer.new;@output_buffer.safe_concat('<!DOCTYPE html>
<html>
  <head>
    <title>Art Tour!</title>
    <style type="text/css" media="screen">
      body {
        margin: 0;
        margin-bottom: 25px;
        padding: 0;
        background-color: #f0f0f0;
        font-family: "Lucida Grande", "Bitstream Vera Sans", "Verdana";
        font-size: 13px;
        color: #333;
      }

      h1 {
        font-size: 28px;
        color: #000;
      }

      a  {color: #03c}
      a:hover {
        background-color: #03c;
        color: white;
        text-decoration: none;
      }


      #page {
        background-color: #f0f0f0;
        width: 750px;
        margin: 0;
        margin-left: auto;
        margin-right: auto;
      }

      #content {
        float: left;
        background-color: white;
        border: 3px solid #aaa;
        border-top: none;
        padding: 25px;
        width: 500px;
      }

      #sidebar {
        float: right;
        width: 175px;
      }

      #footer {
        clear: both;
      }


      #header, #about, #getting-started {
        padding-left: 75px;
        padding-right: 30px;
      }


      #header {
        background-image: url("images/rails.png");
        background-repeat: no-repeat;
        background-position: top left;
        height: 64px;
      }
      #header h1, #header h2 {margin: 0}
      #header h2 {
        color: #888;
        font-weight: normal;
        font-size: 16px;
      }


      #about h3 {
        margin: 0;
        margin-bottom: 10px;
        font-size: 14px;
      }

      #about-content {
        background-color: #ffd;
        border: 1px solid #fc0;
        margin-left: -55px;
        margin-right: -10px;
      }
      #about-content table {
        margin-top: 10px;
        margin-bottom: 10px;
        font-size: 11px;
        border-collapse: collapse;
      }
      #about-content td {
        padding: 10px;
        padding-top: 3px;
        padding-bottom: 3px;
      }
      #about-content td.name  {color: #555}
      #about-content td.value {color: #000}

      #about-content ul {
        padding: 0;
        list-style-type: none;
      }

      #about-content.failure {
        background-color: #fcc;
        border: 1px solid #f00;
      }
      #about-content.failure p {
        margin: 0;
        padding: 10px;
      }


      #getting-started {
        border-top: 1px solid #ccc;
        margin-top: 25px;
        padding-top: 15px;
      }
      #getting-started h1 {
        margin: 0;
        font-size: 20px;
      }
      #getting-started h2 {
        margin: 0;
        font-size: 14px;
        font-weight: normal;
        color: #333;
        margin-bottom: 25px;
      }
      #getting-started ol {
        margin-left: 0;
        padding-left: 0;
      }
      #getting-started li {
        font-size: 18px;
        color: #888;
        margin-bottom: 25px;
      }
      #getting-started li h2 {
        margin: 0;
        font-weight: normal;
        font-size: 18px;
        color: #333;
      }
      #getting-started li p {
        color: #555;
        font-size: 13px;
      }


      #sidebar ul {
        margin-left: 0;
        padding-left: 0;
      }
      #sidebar ul h3 {
        margin-top: 25px;
        font-size: 16px;
        padding-bottom: 10px;
        border-bottom: 1px solid #ccc;
      }
      #sidebar li {
        list-style-type: none;
      }
      #sidebar ul.links li {
        margin-bottom: 5px;
      }

    </style>
    <script type="text/javascript">
      function about() {
        info = document.getElementById(\'about-content\');
        if (window.XMLHttpRequest)
          { xhr = new XMLHttpRequest(); }
        else
          { xhr = new ActiveXObject("Microsoft.XMLHTTP"); }
        xhr.open("GET","rails/info/properties",false);
        xhr.send("");
        info.innerHTML = xhr.responseText;
        info.style.display = \'block\'
      }
    </script>
  </head>
  <body>
    <div id="page">
      <div id="sidebar">
        <ul id="sidebar-items">
          <li>
            <h3>Browse the documentation</h3>
            <ul class="links">
              <li><a href="http://api.rubyonrails.org/">Art Gallery home</a></li>
              <li><a href="http://stdlib.rubyonrails.org/">Gallery</a></li>
              <li><a href="http://corelib.rubyonrails.org/">About Us</a></li>
              
            </ul>
          </li>
        </ul>
      </div>

      <div id="content">
        <div id="header">
          <h1>Take A tour</h1>
          <h2>Many different theme tours to choose from!</h2>
        </div>

        <div id="about">
          <h3><a href="rails/info/properties" onclick="about(); return false">About your application&rsquo;s environment</a></h3>
          <div id="about-content" style="display: none"></div>
        </div>

        <div id="getting-started">
          <h1>Most Popular Tours:</h1>
          <h2>sorted by views:</h2>

          <ol>
');@output_buffer.append_if_string= 						 for @tours.each do 
@output_buffer.safe_concat('            <li>
              <p>I like tours!</p>
            </li>
');						 end 
@output_buffer.safe_concat('            <li>
              <h2>Set up a default route and remove or rename this file</h2>
              <p>Routes are set up in config/routes.rb.</p>
            </li>

            <li>
              <h2>Create your database</h2>
              <p>Run <code>rake db:migrate</code> to create your database. If you\'re not using SQLite (the default), edit <code>config/database.yml</code> with your username and password.</p>
            </li>
          </ol>
        </div>
      </div>

      <div id="footer">&nbsp;</div>
    </div>
  </body>
</html>
');@output_buffer.to_s
          ensure
            @_virtual_path, @output_buffer = _old_virtual_path, _old_output_buffer
          end
Backtrace: /usr/sup/ruby-1.9.2-p0/lib/ruby/gems/1.9.1/gems/actionpack-3.0.5/lib/action_view/template.rb:255:in `module_eval'
/usr/sup/ruby-1.9.2-p0/lib/ruby/gems/1.9.1/gems/actionpack-3.0.5/lib/action_view/template.rb:255:in `compile'
/usr/sup/ruby-1.9.2-p0/lib/ruby/gems/1.9.1/gems/actionpack-3.0.5/lib/action_view/template.rb:134:in `block in render'
/usr/sup/ruby-1.9.2-p0/lib/ruby/gems/1.9.1/gems/activesupport-3.0.5/lib/active_support/notifications.rb:54:in `instrument'
/usr/sup/ruby-1.9.2-p0/lib/ruby/gems/1.9.1/gems/actionpack-3.0.5/lib/action_view/template.rb:127:in `render'
/usr/sup/ruby-1.9.2-p0/lib/ruby/gems/1.9.1/gems/actionpack-3.0.5/lib/action_view/render/rendering.rb:59:in `block in _render_template'
/usr/sup/ruby-1.9.2-p0/lib/ruby/gems/1.9.1/gems/activesupport-3.0.5/lib/active_support/notifications.rb:52:in `block in instrument'
/usr/sup/ruby-1.9.2-p0/lib/ruby/gems/1.9.1/gems/activesupport-3.0.5/lib/active_support/notifications/instrumenter.rb:21:in `instrument'
/usr/sup/ruby-1.9.2-p0/lib/ruby/gems/1.9.1/gems/activesupport-3.0.5/lib/active_support/notifications.rb:52:in `instrument'
/usr/sup/ruby-1.9.2-p0/lib/ruby/gems/1.9.1/gems/actionpack-3.0.5/lib/action_view/render/rendering.rb:56:in `_render_template'
/usr/sup/ruby-1.9.2-p0/lib/ruby/gems/1.9.1/gems/actionpack-3.0.5/lib/action_view/render/rendering.rb:26:in `render'
/usr/sup/ruby-1.9.2-p0/lib/ruby/gems/1.9.1/gems/actionpack-3.0.5/lib/abstract_controller/rendering.rb:115:in `_render_template'
/usr/sup/ruby-1.9.2-p0/lib/ruby/gems/1.9.1/gems/actionpack-3.0.5/lib/abstract_controller/rendering.rb:109:in `render_to_body'
/usr/sup/ruby-1.9.2-p0/lib/ruby/gems/1.9.1/gems/actionpack-3.0.5/lib/action_controller/metal/renderers.rb:47:in `render_to_body'
/usr/sup/ruby-1.9.2-p0/lib/ruby/gems/1.9.1/gems/actionpack-3.0.5/lib/action_controller/metal/compatibility.rb:55:in `render_to_body'
/usr/sup/ruby-1.9.2-p0/lib/ruby/gems/1.9.1/gems/actionpack-3.0.5/lib/abstract_controller/rendering.rb:102:in `render_to_string'
/usr/sup/ruby-1.9.2-p0/lib/ruby/gems/1.9.1/gems/actionpack-3.0.5/lib/abstract_controller/rendering.rb:93:in `render'
/usr/sup/ruby-1.9.2-p0/lib/ruby/gems/1.9.1/gems/actionpack-3.0.5/lib/action_controller/metal/rendering.rb:17:in `render'
/usr/sup/ruby-1.9.2-p0/lib/ruby/gems/1.9.1/gems/actionpack-3.0.5/lib/action_controller/metal/instrumentation.rb:40:in `block (2 levels) in render'
/usr/sup/ruby-1.9.2-p0/lib/ruby/gems/1.9.1/gems/activesupport-3.0.5/lib/active_support/core_ext/benchmark.rb:5:in `block in ms'
/usr/sup/ruby-1.9.2-p0/lib/ruby/1.9.1/benchmark.rb:309:in `realtime'
/usr/sup/ruby-1.9.2-p0/lib/ruby/gems/1.9.1/gems/activesupport-3.0.5/lib/active_support/core_ext/benchmark.rb:5:in `ms'
/usr/sup/ruby-1.9.2-p0/lib/ruby/gems/1.9.1/gems/actionpack-3.0.5/lib/action_controller/metal/instrumentation.rb:40:in `block in render'
/usr/sup/ruby-1.9.2-p0/lib/ruby/gems/1.9.1/gems/actionpack-3.0.5/lib/action_controller/metal/instrumentation.rb:78:in `cleanup_view_runtime'
/usr/sup/ruby-1.9.2-p0/lib/ruby/gems/1.9.1/gems/activerecord-3.0.5/lib/active_record/railties/controller_runtime.rb:15:in `cleanup_view_runtime'
/usr/sup/ruby-1.9.2-p0/lib/ruby/gems/1.9.1/gems/actionpack-3.0.5/lib/action_controller/metal/instrumentation.rb:39:in `render'
/usr/sup/ruby-1.9.2-p0/lib/ruby/gems/1.9.1/gems/actionpack-3.0.5/lib/action_controller/metal/implicit_render.rb:10:in `default_render'
/usr/sup/ruby-1.9.2-p0/lib/ruby/gems/1.9.1/gems/actionpack-3.0.5/lib/action_controller/metal/implicit_render.rb:5:in `send_action'
/usr/sup/ruby-1.9.2-p0/lib/ruby/gems/1.9.1/gems/actionpack-3.0.5/lib/abstract_controller/base.rb:150:in `process_action'
/usr/sup/ruby-1.9.2-p0/lib/ruby/gems/1.9.1/gems/actionpack-3.0.5/lib/action_controller/metal/rendering.rb:11:in `process_action'
/usr/sup/ruby-1.9.2-p0/lib/ruby/gems/1.9.1/gems/actionpack-3.0.5/lib/abstract_controller/callbacks.rb:18:in `block in process_action'
/usr/sup/ruby-1.9.2-p0/lib/ruby/gems/1.9.1/gems/activesupport-3.0.5/lib/active_support/callbacks.rb:435:in `_run__2187814936252994864__process_action__3378461461617958004__callbacks'
/usr/sup/ruby-1.9.2-p0/lib/ruby/gems/1.9.1/gems/activesupport-3.0.5/lib/active_support/callbacks.rb:409:in `_run_process_action_callbacks'
/usr/sup/ruby-1.9.2-p0/lib/ruby/gems/1.9.1/gems/activesupport-3.0.5/lib/active_support/callbacks.rb:93:in `run_callbacks'
/usr/sup/ruby-1.9.2-p0/lib/ruby/gems/1.9.1/gems/actionpack-3.0.5/lib/abstract_controller/callbacks.rb:17:in `process_action'
/usr/sup/ruby-1.9.2-p0/lib/ruby/gems/1.9.1/gems/actionpack-3.0.5/lib/action_controller/metal/instrumentation.rb:30:in `block in process_action'
/usr/sup/ruby-1.9.2-p0/lib/ruby/gems/1.9.1/gems/activesupport-3.0.5/lib/active_support/notifications.rb:52:in `block in instrument'
/usr/sup/ruby-1.9.2-p0/lib/ruby/gems/1.9.1/gems/activesupport-3.0.5/lib/active_support/notifications/instrumenter.rb:21:in `instrument'
/usr/sup/ruby-1.9.2-p0/lib/ruby/gems/1.9.1/gems/activesupport-3.0.5/lib/active_support/notifications.rb:52:in `instrument'
/usr/sup/ruby-1.9.2-p0/lib/ruby/gems/1.9.1/gems/actionpack-3.0.5/lib/action_controller/metal/instrumentation.rb:29:in `process_action'
/usr/sup/ruby-1.9.2-p0/lib/ruby/gems/1.9.1/gems/actionpack-3.0.5/lib/action_controller/metal/rescue.rb:17:in `process_action'
/usr/sup/ruby-1.9.2-p0/lib/ruby/gems/1.9.1/gems/actionpack-3.0.5/lib/abstract_controller/base.rb:119:in `process'
/usr/sup/ruby-1.9.2-p0/lib/ruby/gems/1.9.1/gems/actionpack-3.0.5/lib/abstract_controller/rendering.rb:41:in `process'
/usr/sup/ruby-1.9.2-p0/lib/ruby/gems/1.9.1/gems/actionpack-3.0.5/lib/action_controller/metal.rb:138:in `dispatch'
/usr/sup/ruby-1.9.2-p0/lib/ruby/gems/1.9.1/gems/actionpack-3.0.5/lib/action_controller/metal/rack_delegation.rb:14:in `dispatch'
/usr/sup/ruby-1.9.2-p0/lib/ruby/gems/1.9.1/gems/actionpack-3.0.5/lib/action_controller/metal.rb:178:in `block in action'
/usr/sup/ruby-1.9.2-p0/lib/ruby/gems/1.9.1/gems/actionpack-3.0.5/lib/action_dispatch/routing/route_set.rb:62:in `call'
/usr/sup/ruby-1.9.2-p0/lib/ruby/gems/1.9.1/gems/actionpack-3.0.5/lib/action_dispatch/routing/route_set.rb:62:in `dispatch'
/usr/sup/ruby-1.9.2-p0/lib/ruby/gems/1.9.1/gems/actionpack-3.0.5/lib/action_dispatch/routing/route_set.rb:27:in `call'
/usr/sup/ruby-1.9.2-p0/lib/ruby/gems/1.9.1/gems/rack-mount-0.6.13/lib/rack/mount/route_set.rb:148:in `block in call'
/usr/sup/ruby-1.9.2-p0/lib/ruby/gems/1.9.1/gems/rack-mount-0.6.13/lib/rack/mount/code_generation.rb:93:in `block in recognize'
/usr/sup/ruby-1.9.2-p0/lib/ruby/gems/1.9.1/gems/rack-mount-0.6.13/lib/rack/mount/code_generation.rb:68:in `optimized_each'
/usr/sup/ruby-1.9.2-p0/lib/ruby/gems/1.9.1/gems/rack-mount-0.6.13/lib/rack/mount/code_generation.rb:92:in `recognize'
/usr/sup/ruby-1.9.2-p0/lib/ruby/gems/1.9.1/gems/rack-mount-0.6.13/lib/rack/mount/route_set.rb:139:in `call'
/usr/sup/ruby-1.9.2-p0/lib/ruby/gems/1.9.1/gems/actionpack-3.0.5/lib/action_dispatch/routing/route_set.rb:492:in `call'
/usr/sup/ruby-1.9.2-p0/lib/ruby/gems/1.9.1/gems/actionpack-3.0.5/lib/action_dispatch/middleware/best_standards_support.rb:17:in `call'
/usr/sup/ruby-1.9.2-p0/lib/ruby/gems/1.9.1/gems/actionpack-3.0.5/lib/action_dispatch/middleware/head.rb:14:in `call'
/usr/sup/ruby-1.9.2-p0/lib/ruby/gems/1.9.1/gems/rack-1.2.1/lib/rack/methodoverride.rb:24:in `call'
/usr/sup/ruby-1.9.2-p0/lib/ruby/gems/1.9.1/gems/actionpack-3.0.5/lib/action_dispatch/middleware/params_parser.rb:21:in `call'
/usr/sup/ruby-1.9.2-p0/lib/ruby/gems/1.9.1/gems/actionpack-3.0.5/lib/action_dispatch/middleware/flash.rb:182:in `call'
/usr/sup/ruby-1.9.2-p0/lib/ruby/gems/1.9.1/gems/actionpack-3.0.5/lib/action_dispatch/middleware/session/abstract_store.rb:149:in `call'
/usr/sup/ruby-1.9.2-p0/lib/ruby/gems/1.9.1/gems/actionpack-3.0.5/lib/action_dispatch/middleware/cookies.rb:302:in `call'
/usr/sup/ruby-1.9.2-p0/lib/ruby/gems/1.9.1/gems/activerecord-3.0.5/lib/active_record/query_cache.rb:32:in `block in call'
/usr/sup/ruby-1.9.2-p0/lib/ruby/gems/1.9.1/gems/activerecord-3.0.5/lib/active_record/connection_adapters/abstract/query_cache.rb:28:in `cache'
/usr/sup/ruby-1.9.2-p0/lib/ruby/gems/1.9.1/gems/activerecord-3.0.5/lib/active_record/query_cache.rb:12:in `cache'
/usr/sup/ruby-1.9.2-p0/lib/ruby/gems/1.9.1/gems/activerecord-3.0.5/lib/active_record/query_cache.rb:31:in `call'
/usr/sup/ruby-1.9.2-p0/lib/ruby/gems/1.9.1/gems/activerecord-3.0.5/lib/active_record/connection_adapters/abstract/connection_pool.rb:354:in `call'
/usr/sup/ruby-1.9.2-p0/lib/ruby/gems/1.9.1/gems/actionpack-3.0.5/lib/action_dispatch/middleware/callbacks.rb:46:in `block in call'
/usr/sup/ruby-1.9.2-p0/lib/ruby/gems/1.9.1/gems/activesupport-3.0.5/lib/active_support/callbacks.rb:415:in `_run_call_callbacks'
/usr/sup/ruby-1.9.2-p0/lib/ruby/gems/1.9.1/gems/actionpack-3.0.5/lib/action_dispatch/middleware/callbacks.rb:44:in `call'
/usr/sup/ruby-1.9.2-p0/lib/ruby/gems/1.9.1/gems/rack-1.2.1/lib/rack/sendfile.rb:107:in `call'
/usr/sup/ruby-1.9.2-p0/lib/ruby/gems/1.9.1/gems/actionpack-3.0.5/lib/action_dispatch/middleware/remote_ip.rb:48:in `call'
/usr/sup/ruby-1.9.2-p0/lib/ruby/gems/1.9.1/gems/actionpack-3.0.5/lib/action_dispatch/middleware/show_exceptions.rb:47:in `call'
/usr/sup/ruby-1.9.2-p0/lib/ruby/gems/1.9.1/gems/railties-3.0.5/lib/rails/rack/logger.rb:13:in `call'
/usr/sup/ruby-1.9.2-p0/lib/ruby/gems/1.9.1/gems/rack-1.2.1/lib/rack/runtime.rb:17:in `call'
/usr/sup/ruby-1.9.2-p0/lib/ruby/gems/1.9.1/gems/activesupport-3.0.5/lib/active_support/cache/strategy/local_cache.rb:72:in `call'
/usr/sup/ruby-1.9.2-p0/lib/ruby/gems/1.9.1/gems/rack-1.2.1/lib/rack/lock.rb:11:in `block in call'
<internal:prelude>:10:in `synchronize'
/usr/sup/ruby-1.9.2-p0/lib/ruby/gems/1.9.1/gems/rack-1.2.1/lib/rack/lock.rb:11:in `call'
/usr/sup/ruby-1.9.2-p0/lib/ruby/gems/1.9.1/gems/actionpack-3.0.5/lib/action_dispatch/middleware/static.rb:30:in `call'
/usr/sup/ruby-1.9.2-p0/lib/ruby/gems/1.9.1/gems/railties-3.0.5/lib/rails/application.rb:168:in `call'
/usr/sup/ruby-1.9.2-p0/lib/ruby/gems/1.9.1/gems/railties-3.0.5/lib/rails/application.rb:77:in `method_missing'
/usr/sup/ruby-1.9.2-p0/lib/ruby/gems/1.9.1/gems/railties-3.0.5/lib/rails/rack/log_tailer.rb:14:in `call'
/usr/sup/ruby-1.9.2-p0/lib/ruby/gems/1.9.1/gems/rack-1.2.1/lib/rack/content_length.rb:13:in `call'
/usr/sup/ruby-1.9.2-p0/lib/ruby/gems/1.9.1/gems/rack-1.2.1/lib/rack/handler/webrick.rb:52:in `service'
/usr/sup/ruby-1.9.2-p0/lib/ruby/1.9.1/webrick/httpserver.rb:111:in `service'
/usr/sup/ruby-1.9.2-p0/lib/ruby/1.9.1/webrick/httpserver.rb:70:in `run'
/usr/sup/ruby-1.9.2-p0/lib/ruby/1.9.1/webrick/server.rb:183:in `block in start_thread'
Rendered tour/index.html.erb within layouts/application (0.9ms)
Completed   in 16ms

ActionView::Template::Error (/h/rsheld02/comp120/FinalProject/app/views/tour/index.html.erb:222: syntax error, unexpected '\n', expecting tCOLON2 or '[' or '.'):
    219:             <li>
    220:               <p>I like tours!</p>
    221:             </li>
    222: 						<% end %>
    223:             <li>
    224:               <h2>Set up a default route and remove or rename this file</h2>
    225:               <p>Routes are set up in config/routes.rb.</p>
  

Rendered /usr/sup/ruby-1.9.2-p0/lib/ruby/gems/1.9.1/gems/actionpack-3.0.5/lib/action_dispatch/middleware/templates/rescues/_trace.erb (0.9ms)
Rendered /usr/sup/ruby-1.9.2-p0/lib/ruby/gems/1.9.1/gems/actionpack-3.0.5/lib/action_dispatch/middleware/templates/rescues/_request_and_response.erb (2.4ms)
Rendered /usr/sup/ruby-1.9.2-p0/lib/ruby/gems/1.9.1/gems/actionpack-3.0.5/lib/action_dispatch/middleware/templates/rescues/template_error.erb within rescues/layout (14.2ms)


Started GET "/" for 127.0.0.1 at 2011-04-07 17:11:16 -0400
  Processing by TourController#index as HTML
Rendered tour/index.html.erb within layouts/application (30.2ms)
Completed 200 OK in 88ms (Views: 87.9ms | ActiveRecord: 0.0ms)


Started GET "/" for 127.0.0.1 at 2011-04-07 17:11:16 -0400
  Processing by TourController#index as HTML
Rendered tour/index.html.erb within layouts/application (3.2ms)
Completed 200 OK in 13ms (Views: 12.2ms | ActiveRecord: 0.0ms)


Started GET "/stylesheets/images/rails.png" for 127.0.0.1 at 2011-04-07 17:11:16 -0400

ActionController::RoutingError (No route matches "/stylesheets/images/rails.png"):
  

Rendered /usr/sup/ruby-1.9.2-p0/lib/ruby/gems/1.9.1/gems/actionpack-3.0.5/lib/action_dispatch/middleware/templates/rescues/routing_error.erb within rescues/layout (0.8ms)


Started GET "/" for 127.0.0.1 at 2011-04-07 17:16:18 -0400
  Processing by TourController#index as HTML
Rendered tour/index.html.erb within layouts/application (26.8ms)
Completed 200 OK in 57ms (Views: 56.8ms | ActiveRecord: 0.0ms)


Started GET "/stylesheets/images/rails.png" for 127.0.0.1 at 2011-04-07 17:16:18 -0400

ActionController::RoutingError (No route matches "/stylesheets/images/rails.png"):
  

Rendered /usr/sup/ruby-1.9.2-p0/lib/ruby/gems/1.9.1/gems/actionpack-3.0.5/lib/action_dispatch/middleware/templates/rescues/routing_error.erb within rescues/layout (0.9ms)


Started GET "/" for 127.0.0.1 at 2011-04-07 17:16:54 -0400
  Processing by TourController#index as HTML
Rendered tour/index.html.erb within layouts/application (11.5ms)
Completed 200 OK in 25ms (Views: 24.9ms | ActiveRecord: 0.0ms)


Started GET "/stylesheets/images/rails.png" for 127.0.0.1 at 2011-04-07 17:16:54 -0400

ActionController::RoutingError (No route matches "/stylesheets/images/rails.png"):
  

Rendered /usr/sup/ruby-1.9.2-p0/lib/ruby/gems/1.9.1/gems/actionpack-3.0.5/lib/action_dispatch/middleware/templates/rescues/routing_error.erb within rescues/layout (0.9ms)


Started GET "/" for 127.0.0.1 at 2011-04-07 17:16:55 -0400
  Processing by TourController#index as HTML
Rendered tour/index.html.erb within layouts/application (2.7ms)
Completed 200 OK in 12ms (Views: 11.2ms | ActiveRecord: 0.0ms)


Started GET "/stylesheets/images/rails.png" for 127.0.0.1 at 2011-04-07 17:16:55 -0400

ActionController::RoutingError (No route matches "/stylesheets/images/rails.png"):
  

Rendered /usr/sup/ruby-1.9.2-p0/lib/ruby/gems/1.9.1/gems/actionpack-3.0.5/lib/action_dispatch/middleware/templates/rescues/routing_error.erb within rescues/layout (0.9ms)


Started GET "/" for 127.0.0.1 at 2011-04-07 17:16:58 -0400
  Processing by TourController#index as HTML
Rendered tour/index.html.erb within layouts/application (37.5ms)
Completed 200 OK in 46ms (Views: 45.2ms | ActiveRecord: 0.0ms)


Started GET "/stylesheets/images/rails.png" for 127.0.0.1 at 2011-04-07 17:16:59 -0400

ActionController::RoutingError (No route matches "/stylesheets/images/rails.png"):
  

Rendered /usr/sup/ruby-1.9.2-p0/lib/ruby/gems/1.9.1/gems/actionpack-3.0.5/lib/action_dispatch/middleware/templates/rescues/routing_error.erb within rescues/layout (1.1ms)


Started GET "/" for 127.0.0.1 at 2011-04-07 17:18:13 -0400
  Processing by TourController#index as HTML
Rendered tour/index.html.erb within layouts/application (14.5ms)
Completed 200 OK in 33ms (Views: 32.5ms | ActiveRecord: 0.0ms)


Started GET "/stylesheets/images/rails.png" for 127.0.0.1 at 2011-04-07 17:18:13 -0400

ActionController::RoutingError (No route matches "/stylesheets/images/rails.png"):
  

Rendered /usr/sup/ruby-1.9.2-p0/lib/ruby/gems/1.9.1/gems/actionpack-3.0.5/lib/action_dispatch/middleware/templates/rescues/routing_error.erb within rescues/layout (0.8ms)


Started GET "/" for 127.0.0.1 at 2011-04-07 17:18:34 -0400
  Processing by TourController#index as HTML
Rendered tour/index.html.erb within layouts/application (3.8ms)
Completed 200 OK in 17ms (Views: 16.5ms | ActiveRecord: 0.0ms)


Started GET "/stylesheets/images/rails.png" for 127.0.0.1 at 2011-04-07 17:18:34 -0400

ActionController::RoutingError (No route matches "/stylesheets/images/rails.png"):
  

Rendered /usr/sup/ruby-1.9.2-p0/lib/ruby/gems/1.9.1/gems/actionpack-3.0.5/lib/action_dispatch/middleware/templates/rescues/routing_error.erb within rescues/layout (0.8ms)


Started GET "/" for 127.0.0.1 at 2011-04-07 17:18:40 -0400
  Processing by TourController#index as HTML
Rendered tour/index.html.erb within layouts/application (4.1ms)
Completed 200 OK in 21ms (Views: 20.5ms | ActiveRecord: 0.0ms)


Started GET "/stylesheets/images/rails.png" for 127.0.0.1 at 2011-04-07 17:18:40 -0400

ActionController::RoutingError (No route matches "/stylesheets/images/rails.png"):
  

Rendered /usr/sup/ruby-1.9.2-p0/lib/ruby/gems/1.9.1/gems/actionpack-3.0.5/lib/action_dispatch/middleware/templates/rescues/routing_error.erb within rescues/layout (0.8ms)


Started GET "/" for 127.0.0.1 at 2011-04-07 17:19:00 -0400
  Processing by TourController#index as HTML
Rendered tour/index.html.erb within layouts/application (5.4ms)
Completed 200 OK in 27ms (Views: 27.0ms | ActiveRecord: 0.0ms)


Started GET "/stylesheets/images/rails.png" for 127.0.0.1 at 2011-04-07 17:19:00 -0400

ActionController::RoutingError (No route matches "/stylesheets/images/rails.png"):
  

Rendered /usr/sup/ruby-1.9.2-p0/lib/ruby/gems/1.9.1/gems/actionpack-3.0.5/lib/action_dispatch/middleware/templates/rescues/routing_error.erb within rescues/layout (0.9ms)


Started GET "/" for 127.0.0.1 at 2011-04-07 17:19:09 -0400
  Processing by TourController#index as HTML
Rendered tour/index.html.erb within layouts/application (3.8ms)
Completed 200 OK in 22ms (Views: 21.2ms | ActiveRecord: 0.0ms)


Started GET "/stylesheets/images/rails.png" for 127.0.0.1 at 2011-04-07 17:19:09 -0400

ActionController::RoutingError (No route matches "/stylesheets/images/rails.png"):
  

Rendered /usr/sup/ruby-1.9.2-p0/lib/ruby/gems/1.9.1/gems/actionpack-3.0.5/lib/action_dispatch/middleware/templates/rescues/routing_error.erb within rescues/layout (0.9ms)


Started GET "/" for 127.0.0.1 at 2011-04-07 17:19:46 -0400
  Processing by TourController#index as HTML
Rendered tour/index.html.erb within layouts/application (8.2ms)
Completed 200 OK in 53ms (Views: 27.4ms | ActiveRecord: 0.0ms)


Started GET "/stylesheets/images/rails.png" for 127.0.0.1 at 2011-04-07 17:19:46 -0400

ActionController::RoutingError (No route matches "/stylesheets/images/rails.png"):
  

Rendered /usr/sup/ruby-1.9.2-p0/lib/ruby/gems/1.9.1/gems/actionpack-3.0.5/lib/action_dispatch/middleware/templates/rescues/routing_error.erb within rescues/layout (0.8ms)


Started GET "/" for 127.0.0.1 at 2011-04-07 17:19:55 -0400
  Processing by TourController#index as HTML
Rendered tour/index.html.erb within layouts/application (4.9ms)
Completed 200 OK in 19ms (Views: 18.7ms | ActiveRecord: 0.0ms)


Started GET "/stylesheets/images/rails.png" for 127.0.0.1 at 2011-04-07 17:19:55 -0400

ActionController::RoutingError (No route matches "/stylesheets/images/rails.png"):
  

Rendered /usr/sup/ruby-1.9.2-p0/lib/ruby/gems/1.9.1/gems/actionpack-3.0.5/lib/action_dispatch/middleware/templates/rescues/routing_error.erb within rescues/layout (0.8ms)


Started GET "/" for 127.0.0.1 at 2011-04-07 17:20:29 -0400
  Processing by TourController#index as HTML
Rendered tour/index.html.erb within layouts/application (3.3ms)
Completed 200 OK in 12ms (Views: 12.0ms | ActiveRecord: 0.0ms)


Started GET "/stylesheets/images/rails.png" for 127.0.0.1 at 2011-04-07 17:20:29 -0400

ActionController::RoutingError (No route matches "/stylesheets/images/rails.png"):
  

Rendered /usr/sup/ruby-1.9.2-p0/lib/ruby/gems/1.9.1/gems/actionpack-3.0.5/lib/action_dispatch/middleware/templates/rescues/routing_error.erb within rescues/layout (0.8ms)


Started GET "/" for 127.0.0.1 at 2011-04-07 17:20:38 -0400
  Processing by TourController#index as HTML
Rendered tour/index.html.erb within layouts/application (3.5ms)
Completed 200 OK in 14ms (Views: 13.9ms | ActiveRecord: 0.0ms)


Started GET "/stylesheets/images/rails.png" for 127.0.0.1 at 2011-04-07 17:20:38 -0400

ActionController::RoutingError (No route matches "/stylesheets/images/rails.png"):
  

Rendered /usr/sup/ruby-1.9.2-p0/lib/ruby/gems/1.9.1/gems/actionpack-3.0.5/lib/action_dispatch/middleware/templates/rescues/routing_error.erb within rescues/layout (0.8ms)


Started GET "/" for 127.0.0.1 at 2011-04-07 17:20:47 -0400
  Processing by TourController#index as HTML
Rendered tour/index.html.erb within layouts/application (5.9ms)
Completed 200 OK in 33ms (Views: 33.0ms | ActiveRecord: 0.0ms)


Started GET "/stylesheets/images/rails.png" for 127.0.0.1 at 2011-04-07 17:20:47 -0400

ActionController::RoutingError (No route matches "/stylesheets/images/rails.png"):
  

Rendered /usr/sup/ruby-1.9.2-p0/lib/ruby/gems/1.9.1/gems/actionpack-3.0.5/lib/action_dispatch/middleware/templates/rescues/routing_error.erb within rescues/layout (0.8ms)


Started GET "/" for 127.0.0.1 at 2011-04-07 17:20:53 -0400
  Processing by TourController#index as HTML
Rendered tour/index.html.erb within layouts/application (3.5ms)
Completed 200 OK in 17ms (Views: 16.9ms | ActiveRecord: 0.0ms)


Started GET "/stylesheets/images/rails.png" for 127.0.0.1 at 2011-04-07 17:20:53 -0400

ActionController::RoutingError (No route matches "/stylesheets/images/rails.png"):
  

Rendered /usr/sup/ruby-1.9.2-p0/lib/ruby/gems/1.9.1/gems/actionpack-3.0.5/lib/action_dispatch/middleware/templates/rescues/routing_error.erb within rescues/layout (0.8ms)


Started GET "/" for 127.0.0.1 at 2011-04-07 17:21:23 -0400
  Processing by TourController#index as HTML
Rendered tour/index.html.erb within layouts/application (5.3ms)
Completed 200 OK in 25ms (Views: 24.9ms | ActiveRecord: 0.0ms)


Started GET "/stylesheets/images/rails.png" for 127.0.0.1 at 2011-04-07 17:21:23 -0400

ActionController::RoutingError (No route matches "/stylesheets/images/rails.png"):
  

Rendered /usr/sup/ruby-1.9.2-p0/lib/ruby/gems/1.9.1/gems/actionpack-3.0.5/lib/action_dispatch/middleware/templates/rescues/routing_error.erb within rescues/layout (0.9ms)


Started GET "/" for 127.0.0.1 at 2011-04-07 17:21:25 -0400
  Processing by TourController#index as HTML
Rendered tour/index.html.erb within layouts/application (2.7ms)
Completed 200 OK in 15ms (Views: 15.0ms | ActiveRecord: 0.0ms)


Started GET "/stylesheets/images/rails.png" for 127.0.0.1 at 2011-04-07 17:21:25 -0400

ActionController::RoutingError (No route matches "/stylesheets/images/rails.png"):
  

Rendered /usr/sup/ruby-1.9.2-p0/lib/ruby/gems/1.9.1/gems/actionpack-3.0.5/lib/action_dispatch/middleware/templates/rescues/routing_error.erb within rescues/layout (0.8ms)


Started GET "/" for 127.0.0.1 at 2011-04-07 17:21:31 -0400
  Processing by TourController#index as HTML
Rendered tour/index.html.erb within layouts/application (4.0ms)
Completed 200 OK in 17ms (Views: 16.3ms | ActiveRecord: 0.0ms)


Started GET "/stylesheets/images/rails.png" for 127.0.0.1 at 2011-04-07 17:21:31 -0400

ActionController::RoutingError (No route matches "/stylesheets/images/rails.png"):
  

Rendered /usr/sup/ruby-1.9.2-p0/lib/ruby/gems/1.9.1/gems/actionpack-3.0.5/lib/action_dispatch/middleware/templates/rescues/routing_error.erb within rescues/layout (0.8ms)


Started GET "/" for 127.0.0.1 at 2011-04-07 17:21:38 -0400
  Processing by TourController#index as HTML
Rendered tour/index.html.erb within layouts/application (3.6ms)
Completed 200 OK in 14ms (Views: 13.4ms | ActiveRecord: 0.0ms)


Started GET "/stylesheets/images/rails.png" for 127.0.0.1 at 2011-04-07 17:21:39 -0400

ActionController::RoutingError (No route matches "/stylesheets/images/rails.png"):
  

Rendered /usr/sup/ruby-1.9.2-p0/lib/ruby/gems/1.9.1/gems/actionpack-3.0.5/lib/action_dispatch/middleware/templates/rescues/routing_error.erb within rescues/layout (0.8ms)


Started GET "/" for 127.0.0.1 at 2011-04-07 17:21:44 -0400
  Processing by TourController#index as HTML
Rendered tour/index.html.erb within layouts/application (3.1ms)
Completed 200 OK in 14ms (Views: 14.2ms | ActiveRecord: 0.0ms)


Started GET "/stylesheets/images/rails.png" for 127.0.0.1 at 2011-04-07 17:21:44 -0400

ActionController::RoutingError (No route matches "/stylesheets/images/rails.png"):
  

Rendered /usr/sup/ruby-1.9.2-p0/lib/ruby/gems/1.9.1/gems/actionpack-3.0.5/lib/action_dispatch/middleware/templates/rescues/routing_error.erb within rescues/layout (0.8ms)


Started GET "/" for 127.0.0.1 at 2011-04-07 17:21:46 -0400
  Processing by TourController#index as HTML
Rendered tour/index.html.erb within layouts/application (2.5ms)
Completed 200 OK in 12ms (Views: 11.6ms | ActiveRecord: 0.0ms)


Started GET "/stylesheets/images/rails.png" for 127.0.0.1 at 2011-04-07 17:21:46 -0400

ActionController::RoutingError (No route matches "/stylesheets/images/rails.png"):
  

Rendered /usr/sup/ruby-1.9.2-p0/lib/ruby/gems/1.9.1/gems/actionpack-3.0.5/lib/action_dispatch/middleware/templates/rescues/routing_error.erb within rescues/layout (0.8ms)


Started GET "/" for 127.0.0.1 at 2011-04-07 17:21:46 -0400
  Processing by TourController#index as HTML
Rendered tour/index.html.erb within layouts/application (3.0ms)
Completed 200 OK in 19ms (Views: 18.8ms | ActiveRecord: 0.0ms)


Started GET "/stylesheets/images/rails.png" for 127.0.0.1 at 2011-04-07 17:21:46 -0400

ActionController::RoutingError (No route matches "/stylesheets/images/rails.png"):
  

Rendered /usr/sup/ruby-1.9.2-p0/lib/ruby/gems/1.9.1/gems/actionpack-3.0.5/lib/action_dispatch/middleware/templates/rescues/routing_error.erb within rescues/layout (0.8ms)


Started GET "/" for 127.0.0.1 at 2011-04-07 17:21:52 -0400
  Processing by TourController#index as HTML
Rendered tour/index.html.erb within layouts/application (9.3ms)
Completed 200 OK in 49ms (Views: 25.0ms | ActiveRecord: 0.0ms)


Started GET "/stylesheets/images/rails.png" for 127.0.0.1 at 2011-04-07 17:21:52 -0400

ActionController::RoutingError (No route matches "/stylesheets/images/rails.png"):
  

Rendered /usr/sup/ruby-1.9.2-p0/lib/ruby/gems/1.9.1/gems/actionpack-3.0.5/lib/action_dispatch/middleware/templates/rescues/routing_error.erb within rescues/layout (0.8ms)


Started GET "/" for 127.0.0.1 at 2011-04-07 17:21:53 -0400
  Processing by TourController#index as HTML
Rendered tour/index.html.erb within layouts/application (2.8ms)
Completed 200 OK in 15ms (Views: 14.4ms | ActiveRecord: 0.0ms)


Started GET "/stylesheets/images/rails.png" for 127.0.0.1 at 2011-04-07 17:21:53 -0400

ActionController::RoutingError (No route matches "/stylesheets/images/rails.png"):
  

Rendered /usr/sup/ruby-1.9.2-p0/lib/ruby/gems/1.9.1/gems/actionpack-3.0.5/lib/action_dispatch/middleware/templates/rescues/routing_error.erb within rescues/layout (0.8ms)


Started GET "/" for 127.0.0.1 at 2011-04-07 17:21:59 -0400
  Processing by TourController#index as HTML
Rendered tour/index.html.erb within layouts/application (3.5ms)
Completed 200 OK in 16ms (Views: 15.5ms | ActiveRecord: 0.0ms)


Started GET "/stylesheets/images/rails.png" for 127.0.0.1 at 2011-04-07 17:21:59 -0400

ActionController::RoutingError (No route matches "/stylesheets/images/rails.png"):
  

Rendered /usr/sup/ruby-1.9.2-p0/lib/ruby/gems/1.9.1/gems/actionpack-3.0.5/lib/action_dispatch/middleware/templates/rescues/routing_error.erb within rescues/layout (0.8ms)


Started GET "/" for 127.0.0.1 at 2011-04-07 17:22:01 -0400
  Processing by TourController#index as HTML
Rendered tour/index.html.erb within layouts/application (2.9ms)
Completed 200 OK in 12ms (Views: 11.6ms | ActiveRecord: 0.0ms)


Started GET "/stylesheets/images/rails.png" for 127.0.0.1 at 2011-04-07 17:22:01 -0400

ActionController::RoutingError (No route matches "/stylesheets/images/rails.png"):
  

Rendered /usr/sup/ruby-1.9.2-p0/lib/ruby/gems/1.9.1/gems/actionpack-3.0.5/lib/action_dispatch/middleware/templates/rescues/routing_error.erb within rescues/layout (0.9ms)


Started GET "/" for 127.0.0.1 at 2011-04-07 17:22:01 -0400
  Processing by TourController#index as HTML
Rendered tour/index.html.erb within layouts/application (2.7ms)
Completed 200 OK in 11ms (Views: 11.1ms | ActiveRecord: 0.0ms)


Started GET "/stylesheets/images/rails.png" for 127.0.0.1 at 2011-04-07 17:22:01 -0400

ActionController::RoutingError (No route matches "/stylesheets/images/rails.png"):
  

Rendered /usr/sup/ruby-1.9.2-p0/lib/ruby/gems/1.9.1/gems/actionpack-3.0.5/lib/action_dispatch/middleware/templates/rescues/routing_error.erb within rescues/layout (0.8ms)


Started GET "/" for 127.0.0.1 at 2011-04-07 17:22:01 -0400
  Processing by TourController#index as HTML
Rendered tour/index.html.erb within layouts/application (2.7ms)
Completed 200 OK in 15ms (Views: 15.1ms | ActiveRecord: 0.0ms)


Started GET "/stylesheets/images/rails.png" for 127.0.0.1 at 2011-04-07 17:22:01 -0400

ActionController::RoutingError (No route matches "/stylesheets/images/rails.png"):
  

Rendered /usr/sup/ruby-1.9.2-p0/lib/ruby/gems/1.9.1/gems/actionpack-3.0.5/lib/action_dispatch/middleware/templates/rescues/routing_error.erb within rescues/layout (0.9ms)


Started GET "/" for 127.0.0.1 at 2011-04-07 17:22:01 -0400
  Processing by TourController#index as HTML
Rendered tour/index.html.erb within layouts/application (3.1ms)
Completed 200 OK in 12ms (Views: 11.8ms | ActiveRecord: 0.0ms)


Started GET "/" for 127.0.0.1 at 2011-04-07 17:22:01 -0400
  Processing by TourController#index as HTML
Rendered tour/index.html.erb within layouts/application (2.8ms)
Completed 200 OK in 12ms (Views: 11.9ms | ActiveRecord: 0.0ms)


Started GET "/" for 127.0.0.1 at 2011-04-07 17:22:01 -0400
  Processing by TourController#index as HTML
Rendered tour/index.html.erb within layouts/application (2.5ms)
Completed 200 OK in 11ms (Views: 10.4ms | ActiveRecord: 0.0ms)


Started GET "/stylesheets/images/rails.png" for 127.0.0.1 at 2011-04-07 17:22:02 -0400

ActionController::RoutingError (No route matches "/stylesheets/images/rails.png"):
  

Rendered /usr/sup/ruby-1.9.2-p0/lib/ruby/gems/1.9.1/gems/actionpack-3.0.5/lib/action_dispatch/middleware/templates/rescues/routing_error.erb within rescues/layout (0.8ms)


Started GET "/" for 127.0.0.1 at 2011-04-07 17:22:02 -0400
  Processing by TourController#index as HTML
Rendered tour/index.html.erb within layouts/application (2.8ms)
Completed 200 OK in 11ms (Views: 11.1ms | ActiveRecord: 0.0ms)


Started GET "/stylesheets/images/rails.png" for 127.0.0.1 at 2011-04-07 17:22:02 -0400

ActionController::RoutingError (No route matches "/stylesheets/images/rails.png"):
  

Rendered /usr/sup/ruby-1.9.2-p0/lib/ruby/gems/1.9.1/gems/actionpack-3.0.5/lib/action_dispatch/middleware/templates/rescues/routing_error.erb within rescues/layout (0.8ms)


Started GET "/" for 127.0.0.1 at 2011-04-07 17:22:22 -0400
  Processing by TourController#index as HTML
Rendered tour/index.html.erb within layouts/application (6.6ms)
Completed 200 OK in 28ms (Views: 27.2ms | ActiveRecord: 0.0ms)


Started GET "/stylesheets/images/rails.png" for 127.0.0.1 at 2011-04-07 17:22:22 -0400

ActionController::RoutingError (No route matches "/stylesheets/images/rails.png"):
  

Rendered /usr/sup/ruby-1.9.2-p0/lib/ruby/gems/1.9.1/gems/actionpack-3.0.5/lib/action_dispatch/middleware/templates/rescues/routing_error.erb within rescues/layout (0.8ms)


Started GET "/" for 127.0.0.1 at 2011-04-07 17:22:24 -0400
  Processing by TourController#index as HTML
Rendered tour/index.html.erb within layouts/application (2.8ms)
Completed 200 OK in 15ms (Views: 14.2ms | ActiveRecord: 0.0ms)


Started GET "/stylesheets/images/rails.png" for 127.0.0.1 at 2011-04-07 17:22:24 -0400

ActionController::RoutingError (No route matches "/stylesheets/images/rails.png"):
  

Rendered /usr/sup/ruby-1.9.2-p0/lib/ruby/gems/1.9.1/gems/actionpack-3.0.5/lib/action_dispatch/middleware/templates/rescues/routing_error.erb within rescues/layout (0.8ms)


Started GET "/" for 127.0.0.1 at 2011-04-07 17:23:03 -0400
  Processing by TourController#index as HTML
Rendered tour/index.html.erb within layouts/application (40.7ms)
Completed 200 OK in 58ms (Views: 57.3ms | ActiveRecord: 0.0ms)


Started GET "/stylesheets/images/rails.png" for 127.0.0.1 at 2011-04-07 17:23:04 -0400

ActionController::RoutingError (No route matches "/stylesheets/images/rails.png"):
  

Rendered /usr/sup/ruby-1.9.2-p0/lib/ruby/gems/1.9.1/gems/actionpack-3.0.5/lib/action_dispatch/middleware/templates/rescues/routing_error.erb within rescues/layout (0.8ms)


Started GET "/" for 127.0.0.1 at 2011-04-07 17:23:51 -0400
  Processing by TourController#index as HTML
Rendered tour/index.html.erb within layouts/application (39.5ms)
Completed 200 OK in 52ms (Views: 51.5ms | ActiveRecord: 0.0ms)


Started GET "/stylesheets/images/rails.png" for 127.0.0.1 at 2011-04-07 17:23:51 -0400

ActionController::RoutingError (No route matches "/stylesheets/images/rails.png"):
  

Rendered /usr/sup/ruby-1.9.2-p0/lib/ruby/gems/1.9.1/gems/actionpack-3.0.5/lib/action_dispatch/middleware/templates/rescues/routing_error.erb within rescues/layout (0.8ms)


Started GET "/" for 127.0.0.1 at 2011-04-07 17:23:52 -0400
  Processing by TourController#index as HTML
Rendered tour/index.html.erb within layouts/application (2.4ms)
Completed 200 OK in 12ms (Views: 11.6ms | ActiveRecord: 0.0ms)


Started GET "/stylesheets/images/rails.png" for 127.0.0.1 at 2011-04-07 17:23:52 -0400

ActionController::RoutingError (No route matches "/stylesheets/images/rails.png"):
  

Rendered /usr/sup/ruby-1.9.2-p0/lib/ruby/gems/1.9.1/gems/actionpack-3.0.5/lib/action_dispatch/middleware/templates/rescues/routing_error.erb within rescues/layout (0.8ms)


Started GET "/" for 127.0.0.1 at 2011-04-07 17:24:16 -0400
  Processing by TourController#index as HTML
Rendered tour/index.html.erb within layouts/application (38.4ms)
Completed 200 OK in 51ms (Views: 51.2ms | ActiveRecord: 0.0ms)


Started GET "/stylesheets/images/rails.png" for 127.0.0.1 at 2011-04-07 17:24:16 -0400

ActionController::RoutingError (No route matches "/stylesheets/images/rails.png"):
  

Rendered /usr/sup/ruby-1.9.2-p0/lib/ruby/gems/1.9.1/gems/actionpack-3.0.5/lib/action_dispatch/middleware/templates/rescues/routing_error.erb within rescues/layout (0.8ms)


Started GET "/" for 127.0.0.1 at 2011-04-07 17:24:37 -0400
  Processing by TourController#index as HTML
Rendered tour/index.html.erb within layouts/application (36.9ms)
Completed 200 OK in 46ms (Views: 45.3ms | ActiveRecord: 0.0ms)


Started GET "/stylesheets/images/rails.png" for 127.0.0.1 at 2011-04-07 17:24:37 -0400

ActionController::RoutingError (No route matches "/stylesheets/images/rails.png"):
  

Rendered /usr/sup/ruby-1.9.2-p0/lib/ruby/gems/1.9.1/gems/actionpack-3.0.5/lib/action_dispatch/middleware/templates/rescues/routing_error.erb within rescues/layout (0.8ms)


Started GET "/" for 127.0.0.1 at 2011-04-07 17:24:45 -0400
  Processing by TourController#index as HTML
Rendered tour/index.html.erb within layouts/application (31.6ms)
Completed 200 OK in 42ms (Views: 41.9ms | ActiveRecord: 0.0ms)


Started GET "/stylesheets/images/rails.png" for 127.0.0.1 at 2011-04-07 17:24:45 -0400

ActionController::RoutingError (No route matches "/stylesheets/images/rails.png"):
  

Rendered /usr/sup/ruby-1.9.2-p0/lib/ruby/gems/1.9.1/gems/actionpack-3.0.5/lib/action_dispatch/middleware/templates/rescues/routing_error.erb within rescues/layout (1.0ms)


Started GET "/" for 127.0.0.1 at 2011-04-07 17:24:50 -0400
  Processing by TourController#index as HTML
Rendered tour/index.html.erb within layouts/application (3.3ms)
Completed 200 OK in 12ms (Views: 11.8ms | ActiveRecord: 0.0ms)


Started GET "/stylesheets/images/rails.png" for 127.0.0.1 at 2011-04-07 17:24:50 -0400

ActionController::RoutingError (No route matches "/stylesheets/images/rails.png"):
  

Rendered /usr/sup/ruby-1.9.2-p0/lib/ruby/gems/1.9.1/gems/actionpack-3.0.5/lib/action_dispatch/middleware/templates/rescues/routing_error.erb within rescues/layout (0.8ms)


Started GET "/" for 127.0.0.1 at 2011-04-07 17:24:51 -0400
  Processing by TourController#index as HTML
Rendered tour/index.html.erb within layouts/application (2.6ms)
Completed 200 OK in 12ms (Views: 11.5ms | ActiveRecord: 0.0ms)


Started GET "/stylesheets/images/rails.png" for 127.0.0.1 at 2011-04-07 17:24:51 -0400

ActionController::RoutingError (No route matches "/stylesheets/images/rails.png"):
  

Rendered /usr/sup/ruby-1.9.2-p0/lib/ruby/gems/1.9.1/gems/actionpack-3.0.5/lib/action_dispatch/middleware/templates/rescues/routing_error.erb within rescues/layout (0.8ms)


Started GET "/" for 127.0.0.1 at 2011-04-07 17:24:51 -0400
  Processing by TourController#index as HTML
Rendered tour/index.html.erb within layouts/application (2.5ms)
Completed 200 OK in 13ms (Views: 12.3ms | ActiveRecord: 0.0ms)


Started GET "/" for 127.0.0.1 at 2011-04-07 17:24:51 -0400
  Processing by TourController#index as HTML
Rendered tour/index.html.erb within layouts/application (2.7ms)
Completed 200 OK in 12ms (Views: 11.6ms | ActiveRecord: 0.0ms)


Started GET "/stylesheets/images/rails.png" for 127.0.0.1 at 2011-04-07 17:24:52 -0400

ActionController::RoutingError (No route matches "/stylesheets/images/rails.png"):
  

Rendered /usr/sup/ruby-1.9.2-p0/lib/ruby/gems/1.9.1/gems/actionpack-3.0.5/lib/action_dispatch/middleware/templates/rescues/routing_error.erb within rescues/layout (0.9ms)


Started GET "/" for 127.0.0.1 at 2011-04-07 17:25:43 -0400
  Processing by TourController#index as HTML
Rendered tour/index.html.erb within layouts/application (30.3ms)
Completed 200 OK in 44ms (Views: 43.6ms | ActiveRecord: 0.0ms)


Started GET "/stylesheets/images/rails.png" for 127.0.0.1 at 2011-04-07 17:25:43 -0400

ActionController::RoutingError (No route matches "/stylesheets/images/rails.png"):
  

Rendered /usr/sup/ruby-1.9.2-p0/lib/ruby/gems/1.9.1/gems/actionpack-3.0.5/lib/action_dispatch/middleware/templates/rescues/routing_error.erb within rescues/layout (0.8ms)


Started GET "/" for 127.0.0.1 at 2011-04-07 17:27:13 -0400
  Processing by TourController#index as HTML
ERROR: compiling _app_views_tour_index_html_erb___1296380098417022255_62571980__2124757809140079931 RAISED /h/rsheld02/comp120/FinalProject/app/views/tour/index.html.erb:54: syntax error, unexpected '<'
              <p>');@output_buffer.append= ( tour %</p>
                                                    ^
/h/rsheld02/comp120/FinalProject/app/views/tour/index.html.erb:55: unknown regexp option - l
/h/rsheld02/comp120/FinalProject/app/views/tour/index.html.erb:56: syntax error, unexpected '<'
						<% end );@output_buffer.safe_concat('
						 ^
/h/rsheld02/comp120/FinalProject/app/views/tour/index.html.erb:75: syntax error, unexpected keyword_ensure, expecting keyword_end
/h/rsheld02/comp120/FinalProject/app/views/tour/index.html.erb:77: syntax error, unexpected $end, expecting keyword_end
Function body:           def _app_views_tour_index_html_erb___1296380098417022255_62571980__2124757809140079931(local_assigns)
            _old_virtual_path, @_virtual_path = @_virtual_path, "tour/index";_old_output_buffer = @output_buffer;;@output_buffer = ActionView::OutputBuffer.new;@output_buffer.safe_concat('<!DOCTYPE html>
<html>
  <head>
	');@output_buffer.append= ( stylesheet_link_tag "Main" );@output_buffer.safe_concat('
');@output_buffer.safe_concat('    <title>Art Tour!</title>
    <script type="text/javascript">
      function about() {
        info = document.getElementById(\'about-content\');
        if (window.XMLHttpRequest)
          { xhr = new XMLHttpRequest(); }
        else
          { xhr = new ActiveXObject("Microsoft.XMLHTTP"); }
        xhr.open("GET","rails/info/properties",false);
        xhr.send("");
        info.innerHTML = xhr.responseText;
        info.style.display = \'block\'
      }
    </script>
  </head>
  <body>
    <div id="page">
      <div id="sidebar">
        <ul id="sidebar-items">
          <li>
            <h3>Browse the documentation</h3>
            <ul class="links">
              <li><a href="http://api.rubyonrails.org/">Art Gallery home</a></li>
              <li><a href="http://stdlib.rubyonrails.org/">Gallery</a></li>
              <li><a href="http://corelib.rubyonrails.org/">About Us</a></li>
              
            </ul>
          </li>
        </ul>
      </div>

      <div id="content">
        <div id="header">
          <h1>Take A tour</h1>
          <h2>Many different theme tours to choose from!</h2>
        </div>

        <div id="about">
          <h3><a href="rails/info/properties" onclick="about(); return false">About your application&rsquo;s environment</a></h3>
          <div id="about-content" style="display: none"></div>
        </div>

        <div id="getting-started">
          <h1>Most Popular Tours:</h1>
          <h2>sorted by views:</h2>

          <ol>
');@output_buffer.append_if_string= 						 @tours.each do |tour| 
@output_buffer.safe_concat('            <li>
              <p>');@output_buffer.append= ( tour %</p>
            </li>
						<% end );@output_buffer.safe_concat('
');@output_buffer.safe_concat('            <li>
              <h2>Click a tour and get learning!</h2>
              <p>otherwise get the fuck out</p>
            </li>

            <li>
              <h2>Create your own tour!</h2>
              <p>coming soon</p>
            </li>
          </ol>
        </div>
      </div>

      <div id="footer">&nbsp;</div>
    </div>
  </body>
</html>
');@output_buffer.to_s
          ensure
            @_virtual_path, @output_buffer = _old_virtual_path, _old_output_buffer
          end
Backtrace: /usr/sup/ruby-1.9.2-p0/lib/ruby/gems/1.9.1/gems/actionpack-3.0.5/lib/action_view/template.rb:255:in `module_eval'
/usr/sup/ruby-1.9.2-p0/lib/ruby/gems/1.9.1/gems/actionpack-3.0.5/lib/action_view/template.rb:255:in `compile'
/usr/sup/ruby-1.9.2-p0/lib/ruby/gems/1.9.1/gems/actionpack-3.0.5/lib/action_view/template.rb:134:in `block in render'
/usr/sup/ruby-1.9.2-p0/lib/ruby/gems/1.9.1/gems/activesupport-3.0.5/lib/active_support/notifications.rb:54:in `instrument'
/usr/sup/ruby-1.9.2-p0/lib/ruby/gems/1.9.1/gems/actionpack-3.0.5/lib/action_view/template.rb:127:in `render'
/usr/sup/ruby-1.9.2-p0/lib/ruby/gems/1.9.1/gems/actionpack-3.0.5/lib/action_view/render/rendering.rb:59:in `block in _render_template'
/usr/sup/ruby-1.9.2-p0/lib/ruby/gems/1.9.1/gems/activesupport-3.0.5/lib/active_support/notifications.rb:52:in `block in instrument'
/usr/sup/ruby-1.9.2-p0/lib/ruby/gems/1.9.1/gems/activesupport-3.0.5/lib/active_support/notifications/instrumenter.rb:21:in `instrument'
/usr/sup/ruby-1.9.2-p0/lib/ruby/gems/1.9.1/gems/activesupport-3.0.5/lib/active_support/notifications.rb:52:in `instrument'
/usr/sup/ruby-1.9.2-p0/lib/ruby/gems/1.9.1/gems/actionpack-3.0.5/lib/action_view/render/rendering.rb:56:in `_render_template'
/usr/sup/ruby-1.9.2-p0/lib/ruby/gems/1.9.1/gems/actionpack-3.0.5/lib/action_view/render/rendering.rb:26:in `render'
/usr/sup/ruby-1.9.2-p0/lib/ruby/gems/1.9.1/gems/actionpack-3.0.5/lib/abstract_controller/rendering.rb:115:in `_render_template'
/usr/sup/ruby-1.9.2-p0/lib/ruby/gems/1.9.1/gems/actionpack-3.0.5/lib/abstract_controller/rendering.rb:109:in `render_to_body'
/usr/sup/ruby-1.9.2-p0/lib/ruby/gems/1.9.1/gems/actionpack-3.0.5/lib/action_controller/metal/renderers.rb:47:in `render_to_body'
/usr/sup/ruby-1.9.2-p0/lib/ruby/gems/1.9.1/gems/actionpack-3.0.5/lib/action_controller/metal/compatibility.rb:55:in `render_to_body'
/usr/sup/ruby-1.9.2-p0/lib/ruby/gems/1.9.1/gems/actionpack-3.0.5/lib/abstract_controller/rendering.rb:102:in `render_to_string'
/usr/sup/ruby-1.9.2-p0/lib/ruby/gems/1.9.1/gems/actionpack-3.0.5/lib/abstract_controller/rendering.rb:93:in `render'
/usr/sup/ruby-1.9.2-p0/lib/ruby/gems/1.9.1/gems/actionpack-3.0.5/lib/action_controller/metal/rendering.rb:17:in `render'
/usr/sup/ruby-1.9.2-p0/lib/ruby/gems/1.9.1/gems/actionpack-3.0.5/lib/action_controller/metal/instrumentation.rb:40:in `block (2 levels) in render'
/usr/sup/ruby-1.9.2-p0/lib/ruby/gems/1.9.1/gems/activesupport-3.0.5/lib/active_support/core_ext/benchmark.rb:5:in `block in ms'
/usr/sup/ruby-1.9.2-p0/lib/ruby/1.9.1/benchmark.rb:309:in `realtime'
/usr/sup/ruby-1.9.2-p0/lib/ruby/gems/1.9.1/gems/activesupport-3.0.5/lib/active_support/core_ext/benchmark.rb:5:in `ms'
/usr/sup/ruby-1.9.2-p0/lib/ruby/gems/1.9.1/gems/actionpack-3.0.5/lib/action_controller/metal/instrumentation.rb:40:in `block in render'
/usr/sup/ruby-1.9.2-p0/lib/ruby/gems/1.9.1/gems/actionpack-3.0.5/lib/action_controller/metal/instrumentation.rb:78:in `cleanup_view_runtime'
/usr/sup/ruby-1.9.2-p0/lib/ruby/gems/1.9.1/gems/activerecord-3.0.5/lib/active_record/railties/controller_runtime.rb:15:in `cleanup_view_runtime'
/usr/sup/ruby-1.9.2-p0/lib/ruby/gems/1.9.1/gems/actionpack-3.0.5/lib/action_controller/metal/instrumentation.rb:39:in `render'
/usr/sup/ruby-1.9.2-p0/lib/ruby/gems/1.9.1/gems/actionpack-3.0.5/lib/action_controller/metal/implicit_render.rb:10:in `default_render'
/usr/sup/ruby-1.9.2-p0/lib/ruby/gems/1.9.1/gems/actionpack-3.0.5/lib/action_controller/metal/implicit_render.rb:5:in `send_action'
/usr/sup/ruby-1.9.2-p0/lib/ruby/gems/1.9.1/gems/actionpack-3.0.5/lib/abstract_controller/base.rb:150:in `process_action'
/usr/sup/ruby-1.9.2-p0/lib/ruby/gems/1.9.1/gems/actionpack-3.0.5/lib/action_controller/metal/rendering.rb:11:in `process_action'
/usr/sup/ruby-1.9.2-p0/lib/ruby/gems/1.9.1/gems/actionpack-3.0.5/lib/abstract_controller/callbacks.rb:18:in `block in process_action'
/usr/sup/ruby-1.9.2-p0/lib/ruby/gems/1.9.1/gems/activesupport-3.0.5/lib/active_support/callbacks.rb:435:in `_run__2187814936252994864__process_action__3378461461617958004__callbacks'
/usr/sup/ruby-1.9.2-p0/lib/ruby/gems/1.9.1/gems/activesupport-3.0.5/lib/active_support/callbacks.rb:409:in `_run_process_action_callbacks'
/usr/sup/ruby-1.9.2-p0/lib/ruby/gems/1.9.1/gems/activesupport-3.0.5/lib/active_support/callbacks.rb:93:in `run_callbacks'
/usr/sup/ruby-1.9.2-p0/lib/ruby/gems/1.9.1/gems/actionpack-3.0.5/lib/abstract_controller/callbacks.rb:17:in `process_action'
/usr/sup/ruby-1.9.2-p0/lib/ruby/gems/1.9.1/gems/actionpack-3.0.5/lib/action_controller/metal/instrumentation.rb:30:in `block in process_action'
/usr/sup/ruby-1.9.2-p0/lib/ruby/gems/1.9.1/gems/activesupport-3.0.5/lib/active_support/notifications.rb:52:in `block in instrument'
/usr/sup/ruby-1.9.2-p0/lib/ruby/gems/1.9.1/gems/activesupport-3.0.5/lib/active_support/notifications/instrumenter.rb:21:in `instrument'
/usr/sup/ruby-1.9.2-p0/lib/ruby/gems/1.9.1/gems/activesupport-3.0.5/lib/active_support/notifications.rb:52:in `instrument'
/usr/sup/ruby-1.9.2-p0/lib/ruby/gems/1.9.1/gems/actionpack-3.0.5/lib/action_controller/metal/instrumentation.rb:29:in `process_action'
/usr/sup/ruby-1.9.2-p0/lib/ruby/gems/1.9.1/gems/actionpack-3.0.5/lib/action_controller/metal/rescue.rb:17:in `process_action'
/usr/sup/ruby-1.9.2-p0/lib/ruby/gems/1.9.1/gems/actionpack-3.0.5/lib/abstract_controller/base.rb:119:in `process'
/usr/sup/ruby-1.9.2-p0/lib/ruby/gems/1.9.1/gems/actionpack-3.0.5/lib/abstract_controller/rendering.rb:41:in `process'
/usr/sup/ruby-1.9.2-p0/lib/ruby/gems/1.9.1/gems/actionpack-3.0.5/lib/action_controller/metal.rb:138:in `dispatch'
/usr/sup/ruby-1.9.2-p0/lib/ruby/gems/1.9.1/gems/actionpack-3.0.5/lib/action_controller/metal/rack_delegation.rb:14:in `dispatch'
/usr/sup/ruby-1.9.2-p0/lib/ruby/gems/1.9.1/gems/actionpack-3.0.5/lib/action_controller/metal.rb:178:in `block in action'
/usr/sup/ruby-1.9.2-p0/lib/ruby/gems/1.9.1/gems/actionpack-3.0.5/lib/action_dispatch/routing/route_set.rb:62:in `call'
/usr/sup/ruby-1.9.2-p0/lib/ruby/gems/1.9.1/gems/actionpack-3.0.5/lib/action_dispatch/routing/route_set.rb:62:in `dispatch'
/usr/sup/ruby-1.9.2-p0/lib/ruby/gems/1.9.1/gems/actionpack-3.0.5/lib/action_dispatch/routing/route_set.rb:27:in `call'
/usr/sup/ruby-1.9.2-p0/lib/ruby/gems/1.9.1/gems/rack-mount-0.6.13/lib/rack/mount/route_set.rb:148:in `block in call'
/usr/sup/ruby-1.9.2-p0/lib/ruby/gems/1.9.1/gems/rack-mount-0.6.13/lib/rack/mount/code_generation.rb:93:in `block in recognize'
/usr/sup/ruby-1.9.2-p0/lib/ruby/gems/1.9.1/gems/rack-mount-0.6.13/lib/rack/mount/code_generation.rb:68:in `optimized_each'
/usr/sup/ruby-1.9.2-p0/lib/ruby/gems/1.9.1/gems/rack-mount-0.6.13/lib/rack/mount/code_generation.rb:92:in `recognize'
/usr/sup/ruby-1.9.2-p0/lib/ruby/gems/1.9.1/gems/rack-mount-0.6.13/lib/rack/mount/route_set.rb:139:in `call'
/usr/sup/ruby-1.9.2-p0/lib/ruby/gems/1.9.1/gems/actionpack-3.0.5/lib/action_dispatch/routing/route_set.rb:492:in `call'
/usr/sup/ruby-1.9.2-p0/lib/ruby/gems/1.9.1/gems/actionpack-3.0.5/lib/action_dispatch/middleware/best_standards_support.rb:17:in `call'
/usr/sup/ruby-1.9.2-p0/lib/ruby/gems/1.9.1/gems/actionpack-3.0.5/lib/action_dispatch/middleware/head.rb:14:in `call'
/usr/sup/ruby-1.9.2-p0/lib/ruby/gems/1.9.1/gems/rack-1.2.1/lib/rack/methodoverride.rb:24:in `call'
/usr/sup/ruby-1.9.2-p0/lib/ruby/gems/1.9.1/gems/actionpack-3.0.5/lib/action_dispatch/middleware/params_parser.rb:21:in `call'
/usr/sup/ruby-1.9.2-p0/lib/ruby/gems/1.9.1/gems/actionpack-3.0.5/lib/action_dispatch/middleware/flash.rb:182:in `call'
/usr/sup/ruby-1.9.2-p0/lib/ruby/gems/1.9.1/gems/actionpack-3.0.5/lib/action_dispatch/middleware/session/abstract_store.rb:149:in `call'
/usr/sup/ruby-1.9.2-p0/lib/ruby/gems/1.9.1/gems/actionpack-3.0.5/lib/action_dispatch/middleware/cookies.rb:302:in `call'
/usr/sup/ruby-1.9.2-p0/lib/ruby/gems/1.9.1/gems/activerecord-3.0.5/lib/active_record/query_cache.rb:32:in `block in call'
/usr/sup/ruby-1.9.2-p0/lib/ruby/gems/1.9.1/gems/activerecord-3.0.5/lib/active_record/connection_adapters/abstract/query_cache.rb:28:in `cache'
/usr/sup/ruby-1.9.2-p0/lib/ruby/gems/1.9.1/gems/activerecord-3.0.5/lib/active_record/query_cache.rb:12:in `cache'
/usr/sup/ruby-1.9.2-p0/lib/ruby/gems/1.9.1/gems/activerecord-3.0.5/lib/active_record/query_cache.rb:31:in `call'
/usr/sup/ruby-1.9.2-p0/lib/ruby/gems/1.9.1/gems/activerecord-3.0.5/lib/active_record/connection_adapters/abstract/connection_pool.rb:354:in `call'
/usr/sup/ruby-1.9.2-p0/lib/ruby/gems/1.9.1/gems/actionpack-3.0.5/lib/action_dispatch/middleware/callbacks.rb:46:in `block in call'
/usr/sup/ruby-1.9.2-p0/lib/ruby/gems/1.9.1/gems/activesupport-3.0.5/lib/active_support/callbacks.rb:415:in `_run_call_callbacks'
/usr/sup/ruby-1.9.2-p0/lib/ruby/gems/1.9.1/gems/actionpack-3.0.5/lib/action_dispatch/middleware/callbacks.rb:44:in `call'
/usr/sup/ruby-1.9.2-p0/lib/ruby/gems/1.9.1/gems/rack-1.2.1/lib/rack/sendfile.rb:107:in `call'
/usr/sup/ruby-1.9.2-p0/lib/ruby/gems/1.9.1/gems/actionpack-3.0.5/lib/action_dispatch/middleware/remote_ip.rb:48:in `call'
/usr/sup/ruby-1.9.2-p0/lib/ruby/gems/1.9.1/gems/actionpack-3.0.5/lib/action_dispatch/middleware/show_exceptions.rb:47:in `call'
/usr/sup/ruby-1.9.2-p0/lib/ruby/gems/1.9.1/gems/railties-3.0.5/lib/rails/rack/logger.rb:13:in `call'
/usr/sup/ruby-1.9.2-p0/lib/ruby/gems/1.9.1/gems/rack-1.2.1/lib/rack/runtime.rb:17:in `call'
/usr/sup/ruby-1.9.2-p0/lib/ruby/gems/1.9.1/gems/activesupport-3.0.5/lib/active_support/cache/strategy/local_cache.rb:72:in `call'
/usr/sup/ruby-1.9.2-p0/lib/ruby/gems/1.9.1/gems/rack-1.2.1/lib/rack/lock.rb:11:in `block in call'
<internal:prelude>:10:in `synchronize'
/usr/sup/ruby-1.9.2-p0/lib/ruby/gems/1.9.1/gems/rack-1.2.1/lib/rack/lock.rb:11:in `call'
/usr/sup/ruby-1.9.2-p0/lib/ruby/gems/1.9.1/gems/actionpack-3.0.5/lib/action_dispatch/middleware/static.rb:30:in `call'
/usr/sup/ruby-1.9.2-p0/lib/ruby/gems/1.9.1/gems/railties-3.0.5/lib/rails/application.rb:168:in `call'
/usr/sup/ruby-1.9.2-p0/lib/ruby/gems/1.9.1/gems/railties-3.0.5/lib/rails/application.rb:77:in `method_missing'
/usr/sup/ruby-1.9.2-p0/lib/ruby/gems/1.9.1/gems/railties-3.0.5/lib/rails/rack/log_tailer.rb:14:in `call'
/usr/sup/ruby-1.9.2-p0/lib/ruby/gems/1.9.1/gems/rack-1.2.1/lib/rack/content_length.rb:13:in `call'
/usr/sup/ruby-1.9.2-p0/lib/ruby/gems/1.9.1/gems/rack-1.2.1/lib/rack/handler/webrick.rb:52:in `service'
/usr/sup/ruby-1.9.2-p0/lib/ruby/1.9.1/webrick/httpserver.rb:111:in `service'
/usr/sup/ruby-1.9.2-p0/lib/ruby/1.9.1/webrick/httpserver.rb:70:in `run'
/usr/sup/ruby-1.9.2-p0/lib/ruby/1.9.1/webrick/server.rb:183:in `block in start_thread'
Rendered tour/index.html.erb within layouts/application (0.8ms)
Completed   in 64ms

ActionView::Template::Error (/h/rsheld02/comp120/FinalProject/app/views/tour/index.html.erb:54: syntax error, unexpected '<'
              <p>');@output_buffer.append= ( tour %</p>
                                                    ^
/h/rsheld02/comp120/FinalProject/app/views/tour/index.html.erb:55: unknown regexp option - l
/h/rsheld02/comp120/FinalProject/app/views/tour/index.html.erb:56: syntax error, unexpected '<'
						<% end );@output_buffer.safe_concat('
						 ^
/h/rsheld02/comp120/FinalProject/app/views/tour/index.html.erb:75: syntax error, unexpected keyword_ensure, expecting keyword_end
/h/rsheld02/comp120/FinalProject/app/views/tour/index.html.erb:77: syntax error, unexpected $end, expecting keyword_end):
    51:           <ol>
    52: 						<% @tours.each do |tour| %>
    53:             <li>
    54:               <p><%= tour %</p>
    55:             </li>
    56: 						<% end %>
    57:             <li>
  

Rendered /usr/sup/ruby-1.9.2-p0/lib/ruby/gems/1.9.1/gems/actionpack-3.0.5/lib/action_dispatch/middleware/templates/rescues/_trace.erb (1.0ms)
Rendered /usr/sup/ruby-1.9.2-p0/lib/ruby/gems/1.9.1/gems/actionpack-3.0.5/lib/action_dispatch/middleware/templates/rescues/_request_and_response.erb (2.3ms)
Rendered /usr/sup/ruby-1.9.2-p0/lib/ruby/gems/1.9.1/gems/actionpack-3.0.5/lib/action_dispatch/middleware/templates/rescues/template_error.erb within rescues/layout (14.0ms)


Started GET "/" for 127.0.0.1 at 2011-04-07 17:27:26 -0400
  Processing by TourController#index as HTML
Rendered tour/index.html.erb within layouts/application (14.8ms)
Completed 200 OK in 26ms (Views: 25.9ms | ActiveRecord: 0.0ms)


Started GET "/stylesheets/images/rails.png" for 127.0.0.1 at 2011-04-07 17:27:26 -0400

ActionController::RoutingError (No route matches "/stylesheets/images/rails.png"):
  

Rendered /usr/sup/ruby-1.9.2-p0/lib/ruby/gems/1.9.1/gems/actionpack-3.0.5/lib/action_dispatch/middleware/templates/rescues/routing_error.erb within rescues/layout (0.9ms)


Started GET "/" for 127.0.0.1 at 2011-04-07 17:30:04 -0400
  Processing by TourController#index as HTML
Rendered tour/index.html.erb within layouts/application (24.8ms)
Completed 200 OK in 145ms (Views: 144.8ms | ActiveRecord: 0.0ms)


Started GET "/stylesheets/images/rails.png" for 127.0.0.1 at 2011-04-07 17:30:05 -0400

ActionController::RoutingError (No route matches "/stylesheets/images/rails.png"):
  

Rendered /usr/sup/ruby-1.9.2-p0/lib/ruby/gems/1.9.1/gems/actionpack-3.0.5/lib/action_dispatch/middleware/templates/rescues/routing_error.erb within rescues/layout (0.9ms)


Started GET "/" for 127.0.0.1 at 2011-04-07 17:31:13 -0400
  Processing by TourController#index as HTML
Rendered tour/index.html.erb within layouts/application (14.1ms)
Completed 200 OK in 49ms (Views: 49.1ms | ActiveRecord: 0.0ms)


Started GET "/stylesheets/images/rails.png" for 127.0.0.1 at 2011-04-07 17:31:13 -0400

ActionController::RoutingError (No route matches "/stylesheets/images/rails.png"):
  

Rendered /usr/sup/ruby-1.9.2-p0/lib/ruby/gems/1.9.1/gems/actionpack-3.0.5/lib/action_dispatch/middleware/templates/rescues/routing_error.erb within rescues/layout (0.9ms)


Started GET "/" for 127.0.0.1 at 2011-04-07 17:32:39 -0400
  Processing by TourController#index as HTML
Rendered tour/index.html.erb within layouts/application (16.3ms)
Completed 200 OK in 41ms (Views: 40.3ms | ActiveRecord: 0.0ms)


Started GET "/stylesheets/images/rails.png" for 127.0.0.1 at 2011-04-07 17:32:40 -0400

ActionController::RoutingError (No route matches "/stylesheets/images/rails.png"):
  

Rendered /usr/sup/ruby-1.9.2-p0/lib/ruby/gems/1.9.1/gems/actionpack-3.0.5/lib/action_dispatch/middleware/templates/rescues/routing_error.erb within rescues/layout (0.9ms)


Started GET "/tours/spaghettimonster.html.erb" for 127.0.0.1 at 2011-04-07 17:32:45 -0400

ActionController::RoutingError (No route matches "/tours/spaghettimonster.html.erb"):
  

Rendered /usr/sup/ruby-1.9.2-p0/lib/ruby/gems/1.9.1/gems/actionpack-3.0.5/lib/action_dispatch/middleware/templates/rescues/routing_error.erb within rescues/layout (0.8ms)


Started GET "/" for 127.0.0.1 at 2011-04-07 17:37:58 -0400
  Processing by TourController#index as HTML
Rendered tour/index.html.erb within layouts/application (9.3ms)
Completed 200 OK in 23ms (Views: 22.6ms | ActiveRecord: 0.0ms)


Started GET "/stylesheets/images/rails.png" for 127.0.0.1 at 2011-04-07 17:37:58 -0400

ActionController::RoutingError (No route matches "/stylesheets/images/rails.png"):
  

Rendered /usr/sup/ruby-1.9.2-p0/lib/ruby/gems/1.9.1/gems/actionpack-3.0.5/lib/action_dispatch/middleware/templates/rescues/routing_error.erb within rescues/layout (0.8ms)


Started GET "/tours/suggested.html.erb" for 127.0.0.1 at 2011-04-07 17:37:59 -0400

ActionController::RoutingError (No route matches "/tours/suggested.html.erb"):
  

Rendered /usr/sup/ruby-1.9.2-p0/lib/ruby/gems/1.9.1/gems/actionpack-3.0.5/lib/action_dispatch/middleware/templates/rescues/routing_error.erb within rescues/layout (0.8ms)


Started GET "/" for 127.0.0.1 at 2011-04-07 17:38:20 -0400
  Processing by TourController#index as HTML
Rendered tour/index.html.erb within layouts/application (2.5ms)
Completed 200 OK in 14ms (Views: 13.5ms | ActiveRecord: 0.0ms)


Started GET "/stylesheets/images/rails.png" for 127.0.0.1 at 2011-04-07 17:38:20 -0400

ActionController::RoutingError (No route matches "/stylesheets/images/rails.png"):
  

Rendered /usr/sup/ruby-1.9.2-p0/lib/ruby/gems/1.9.1/gems/actionpack-3.0.5/lib/action_dispatch/middleware/templates/rescues/routing_error.erb within rescues/layout (1.0ms)


Started GET "/tour/suggested.html.erb" for 127.0.0.1 at 2011-04-07 17:38:21 -0400

ActionController::RoutingError (No route matches "/tour/suggested.html.erb"):
  

Rendered /usr/sup/ruby-1.9.2-p0/lib/ruby/gems/1.9.1/gems/actionpack-3.0.5/lib/action_dispatch/middleware/templates/rescues/routing_error.erb within rescues/layout (0.8ms)


Started GET "/tour/suggested.html.erb" for 127.0.0.1 at 2011-04-07 17:38:25 -0400

ActionController::RoutingError (No route matches "/tour/suggested.html.erb"):
  

Rendered /usr/sup/ruby-1.9.2-p0/lib/ruby/gems/1.9.1/gems/actionpack-3.0.5/lib/action_dispatch/middleware/templates/rescues/routing_error.erb within rescues/layout (0.8ms)


Started GET "/tour/suggested.html.erb" for 127.0.0.1 at 2011-04-07 17:38:32 -0400

ActionController::RoutingError (No route matches "/tour/suggested.html.erb"):
  

Rendered /usr/sup/ruby-1.9.2-p0/lib/ruby/gems/1.9.1/gems/actionpack-3.0.5/lib/action_dispatch/middleware/templates/rescues/routing_error.erb within rescues/layout (0.9ms)


Started GET "/" for 127.0.0.1 at 2011-04-07 17:38:43 -0400
  Processing by TourController#index as HTML
Rendered tour/index.html.erb within layouts/application (2.7ms)
Completed 200 OK in 14ms (Views: 13.4ms | ActiveRecord: 0.0ms)


Started GET "/stylesheets/images/rails.png" for 127.0.0.1 at 2011-04-07 17:38:43 -0400

ActionController::RoutingError (No route matches "/stylesheets/images/rails.png"):
  

Rendered /usr/sup/ruby-1.9.2-p0/lib/ruby/gems/1.9.1/gems/actionpack-3.0.5/lib/action_dispatch/middleware/templates/rescues/routing_error.erb within rescues/layout (0.8ms)


Started GET "/suggested.html.erb" for 127.0.0.1 at 2011-04-07 17:38:44 -0400

ActionController::RoutingError (No route matches "/suggested.html.erb"):
  

Rendered /usr/sup/ruby-1.9.2-p0/lib/ruby/gems/1.9.1/gems/actionpack-3.0.5/lib/action_dispatch/middleware/templates/rescues/routing_error.erb within rescues/layout (0.9ms)


Started GET "/" for 127.0.0.1 at 2011-04-07 17:41:31 -0400
  Processing by TourController#index as HTML
Rendered tour/index.html.erb within layouts/application (15.3ms)
Completed 200 OK in 36ms (Views: 35.3ms | ActiveRecord: 0.0ms)


Started GET "/stylesheets/images/rails.png" for 127.0.0.1 at 2011-04-07 17:41:31 -0400

ActionController::RoutingError (No route matches "/stylesheets/images/rails.png"):
  

Rendered /usr/sup/ruby-1.9.2-p0/lib/ruby/gems/1.9.1/gems/actionpack-3.0.5/lib/action_dispatch/middleware/templates/rescues/routing_error.erb within rescues/layout (0.8ms)


Started GET "/tour/suggested" for 127.0.0.1 at 2011-04-07 17:41:33 -0400
  Processing by TourController#suggested as HTML
Rendered tour/suggested.html.erb within layouts/application (2.1ms)
Completed 200 OK in 29ms (Views: 29.2ms | ActiveRecord: 0.0ms)


Started GET "/tour/civilwar" for 127.0.0.1 at 2011-04-07 17:41:38 -0400
  Processing by TourController#civilwar as HTML
Rendered tour/civilwar.html.erb within layouts/application (2.6ms)
Completed 200 OK in 40ms (Views: 39.2ms | ActiveRecord: 0.0ms)


Started GET "/tour/impressionist" for 127.0.0.1 at 2011-04-07 17:41:40 -0400
  Processing by TourController#impressionist as HTML
Rendered tour/impressionist.html.erb within layouts/application (3.6ms)
Completed 200 OK in 47ms (Views: 46.3ms | ActiveRecord: 0.0ms)


Started GET "/tour/spaghettimonster" for 127.0.0.1 at 2011-04-07 17:41:44 -0400
  Processing by TourController#spaghettimonster as HTML
Rendered tour/spaghettimonster.html.erb within layouts/application (2.3ms)
Completed 200 OK in 47ms (Views: 47.1ms | ActiveRecord: 0.0ms)
